[    0.000000] Linux version 4.15.0-192-generic (buildd@lcy02-amd64-029) (gcc version 7.5.0 (Ubuntu 7.5.0-3ubuntu1~18.04)) #203-Ubuntu SMP Wed Aug 10 17:40:03 UTC 2022 (Ubuntu 4.15.0-192.203-generic 4.15.18)
[    0.000000] Command line: BOOT_IMAGE=/boot/vmlinuz-4.15.0-192-generic root=LABEL=cloudimg-rootfs ro console=tty1 console=ttyS0
[    0.000000] KERNEL supported cpus:
[    0.000000]   Intel GenuineIntel
[    0.000000]   AMD AuthenticAMD
[    0.000000]   Centaur CentaurHauls
[    0.000000] x86/fpu: Supporting XSAVE feature 0x001: 'x87 floating point registers'
[    0.000000] x86/fpu: Supporting XSAVE feature 0x002: 'SSE registers'
[    0.000000] x86/fpu: Supporting XSAVE feature 0x004: 'AVX registers'
[    0.000000] x86/fpu: xstate_offset[2]:  576, xstate_sizes[2]:  256
[    0.000000] x86/fpu: Enabled xstate features 0x7, context size is 832 bytes, using 'standard' format.
[    0.000000] e820: BIOS-provided physical RAM map:
[    0.000000] BIOS-e820: [mem 0x0000000000000000-0x000000000009fbff] usable
[    0.000000] BIOS-e820: [mem 0x000000000009fc00-0x000000000009ffff] reserved
[    0.000000] BIOS-e820: [mem 0x00000000000f0000-0x00000000000fffff] reserved
[    0.000000] BIOS-e820: [mem 0x0000000000100000-0x000000003ffeffff] usable
[    0.000000] BIOS-e820: [mem 0x000000003fff0000-0x000000003fffffff] ACPI data
[    0.000000] BIOS-e820: [mem 0x00000000fec00000-0x00000000fec00fff] reserved
[    0.000000] BIOS-e820: [mem 0x00000000fee00000-0x00000000fee00fff] reserved
[    0.000000] BIOS-e820: [mem 0x00000000fffc0000-0x00000000ffffffff] reserved
[    0.000000] NX (Execute Disable) protection: active
[    0.000000] SMBIOS 2.5 present.
[    0.000000] DMI: innotek GmbH VirtualBox/VirtualBox, BIOS VirtualBox 12/01/2006
[    0.000000] Hypervisor detected: KVM
[    0.000000] e820: last_pfn = 0x3fff0 max_arch_pfn = 0x400000000
[    0.000000] MTRR: Disabled
[    0.000000] x86/PAT: MTRRs disabled, skipping PAT initialization too.
[    0.000000] CPU MTRRs all blank - virtualized system.
[    0.000000] x86/PAT: Configuration [0-7]: WB  WT  UC- UC  WB  WT  UC- UC  
[    0.000000] found SMP MP-table at [mem 0x0009fff0-0x0009ffff]
[    0.000000] Scanning 1 areas for low memory corruption
[    0.000000] RAMDISK: [mem 0x35817000-0x36c02fff]
[    0.000000] ACPI: Early table checksum verification disabled
[    0.000000] ACPI: RSDP 0x00000000000E0000 000024 (v02 VBOX  )
[    0.000000] ACPI: XSDT 0x000000003FFF0030 00003C (v01 VBOX   VBOXXSDT 00000001 ASL  00000061)
[    0.000000] ACPI: FACP 0x000000003FFF00F0 0000F4 (v04 VBOX   VBOXFACP 00000001 ASL  00000061)
[    0.000000] ACPI: DSDT 0x000000003FFF0470 002325 (v02 VBOX   VBOXBIOS 00000002 INTL 20120111)
[    0.000000] ACPI: FACS 0x000000003FFF0200 000040
[    0.000000] ACPI: FACS 0x000000003FFF0200 000040
[    0.000000] ACPI: APIC 0x000000003FFF0240 00005C (v02 VBOX   VBOXAPIC 00000001 ASL  00000061)
[    0.000000] ACPI: SSDT 0x000000003FFF02A0 0001CC (v01 VBOX   VBOXCPUT 00000002 INTL 20120111)
[    0.000000] ACPI: Reserving FACP table memory at [mem 0x3fff00f0-0x3fff01e3]
[    0.000000] ACPI: Reserving DSDT table memory at [mem 0x3fff0470-0x3fff2794]
[    0.000000] ACPI: Reserving FACS table memory at [mem 0x3fff0200-0x3fff023f]
[    0.000000] ACPI: Reserving FACS table memory at [mem 0x3fff0200-0x3fff023f]
[    0.000000] ACPI: Reserving APIC table memory at [mem 0x3fff0240-0x3fff029b]
[    0.000000] ACPI: Reserving SSDT table memory at [mem 0x3fff02a0-0x3fff046b]
[    0.000000] No NUMA configuration found
[    0.000000] Faking a node at [mem 0x0000000000000000-0x000000003ffeffff]
[    0.000000] NODE_DATA(0) allocated [mem 0x3ffc5000-0x3ffeffff]
[    0.000000] kvm-clock: cpu 0, msr 0:3ff44001, primary cpu clock
[    0.000000] kvm-clock: Using msrs 4b564d01 and 4b564d00
[    0.000000] kvm-clock: using sched offset of 5163540833 cycles
[    0.000000] clocksource: kvm-clock: mask: 0xffffffffffffffff max_cycles: 0x1cd42e4dffb, max_idle_ns: 881590591483 ns
[    0.000000] Zone ranges:
[    0.000000]   DMA      [mem 0x0000000000001000-0x0000000000ffffff]
[    0.000000]   DMA32    [mem 0x0000000001000000-0x000000003ffeffff]
[    0.000000]   Normal   empty
[    0.000000]   Device   empty
[    0.000000] Movable zone start for each node
[    0.000000] Early memory node ranges
[    0.000000]   node   0: [mem 0x0000000000001000-0x000000000009efff]
[    0.000000]   node   0: [mem 0x0000000000100000-0x000000003ffeffff]
[    0.000000] Reserved but unavailable: 104 pages
[    0.000000] Initmem setup node 0 [mem 0x0000000000001000-0x000000003ffeffff]
[    0.000000] ACPI: PM-Timer IO Port: 0x4008
[    0.000000] IOAPIC[0]: apic_id 2, version 32, address 0xfec00000, GSI 0-23
[    0.000000] ACPI: INT_SRC_OVR (bus 0 bus_irq 0 global_irq 2 dfl dfl)
[    0.000000] ACPI: INT_SRC_OVR (bus 0 bus_irq 9 global_irq 9 low level)
[    0.000000] Using ACPI (MADT) for SMP configuration information
[    0.000000] smpboot: Allowing 2 CPUs, 0 hotplug CPUs
[    0.000000] PM: Registered nosave memory: [mem 0x00000000-0x00000fff]
[    0.000000] PM: Registered nosave memory: [mem 0x0009f000-0x0009ffff]
[    0.000000] PM: Registered nosave memory: [mem 0x000a0000-0x000effff]
[    0.000000] PM: Registered nosave memory: [mem 0x000f0000-0x000fffff]
[    0.000000] e820: [mem 0x40000000-0xfebfffff] available for PCI devices
[    0.000000] Booting paravirtualized kernel on KVM
[    0.000000] clocksource: refined-jiffies: mask: 0xffffffff max_cycles: 0xffffffff, max_idle_ns: 7645519600211568 ns
[    0.000000] random: get_random_bytes called from start_kernel+0x99/0x500 with crng_init=0
[    0.000000] setup_percpu: NR_CPUS:8192 nr_cpumask_bits:2 nr_cpu_ids:2 nr_node_ids:1
[    0.000000] percpu: Embedded 50 pages/cpu s167936 r8192 d28672 u1048576
[    0.000000] PV qspinlock hash table entries: 256 (order: 0, 4096 bytes)
[    0.000000] Built 1 zonelists, mobility grouping on.  Total pages: 257913
[    0.000000] Policy zone: DMA32
[    0.000000] Kernel command line: BOOT_IMAGE=/boot/vmlinuz-4.15.0-192-generic root=LABEL=cloudimg-rootfs ro console=tty1 console=ttyS0
[    0.000000] Memory: 981776K/1048120K available (12300K kernel code, 2484K rwdata, 4324K rodata, 2468K init, 2724K bss, 66344K reserved, 0K cma-reserved)
[    0.000000] SLUB: HWalign=64, Order=0-3, MinObjects=0, CPUs=2, Nodes=1
[    0.000000] Kernel/User page tables isolation: enabled
[    0.000000] ftrace: allocating 39482 entries in 155 pages
[    0.004000] Hierarchical RCU implementation.
[    0.004000] 	RCU restricting CPUs from NR_CPUS=8192 to nr_cpu_ids=2.
[    0.004000] 	Tasks RCU enabled.
[    0.004000] RCU: Adjusting geometry for rcu_fanout_leaf=16, nr_cpu_ids=2
[    0.004000] NR_IRQS: 524544, nr_irqs: 440, preallocated irqs: 16
[    0.004000] Console: colour VGA+ 80x25
[    0.004000] console [tty1] enabled
[    0.004000] console [ttyS0] enabled
[    0.004000] ACPI: Core revision 20170831
[    0.004000] ACPI: 2 ACPI AML tables successfully acquired and loaded
[    0.004000] APIC: Switch to symmetric I/O mode setup
[    0.004000] x2apic enabled
[    0.004000] Switched APIC routing to physical x2apic.
[    0.005034] ..TIMER: vector=0x30 apic1=0 pin1=2 apic2=-1 pin2=-1
[    0.008006] tsc: Detected 1996.799 MHz processor
[    0.009205] Calibrating delay loop (skipped) preset value.. 3993.59 BogoMIPS (lpj=7987196)
[    0.010079] pid_max: default: 32768 minimum: 301
[    0.012044] Security Framework initialized
[    0.013019] Yama: becoming mindful.
[    0.016108] AppArmor: AppArmor initialized
[    0.024495] Dentry cache hash table entries: 131072 (order: 8, 1048576 bytes)
[    0.028263] Inode-cache hash table entries: 65536 (order: 7, 524288 bytes)
[    0.032053] Mount-cache hash table entries: 2048 (order: 2, 16384 bytes)
[    0.036017] Mountpoint-cache hash table entries: 2048 (order: 2, 16384 bytes)
[    0.040423] Last level iTLB entries: 4KB 0, 2MB 0, 4MB 0
[    0.042157] Last level dTLB entries: 4KB 0, 2MB 0, 4MB 0, 1GB 0
[    0.044086] Spectre V1 : Mitigation: usercopy/swapgs barriers and __user pointer sanitization
[    0.048008] Spectre V2 : Mitigation: Retpolines
[    0.052006] Spectre V2 : Spectre v2 / SpectreRSB mitigation: Filling RSB on context switch
[    0.056006] Speculative Store Bypass: Vulnerable
[    0.060124] MDS: Mitigation: Clear CPU buffers
[    0.061880] MMIO Stale Data: Mitigation: Clear CPU buffers
[    0.064009] SRBDS: Unknown: Dependent on hypervisor status
[    0.068166] Freeing SMP alternatives memory: 36K
[    0.189912] smpboot: CPU0: Intel(R) Core(TM) i5-1038NG7 CPU @ 2.00GHz (family: 0x6, model: 0x7e, stepping: 0x5)
[    0.192088] Performance Events: unsupported p6 CPU model 126 no PMU driver, software events only.
[    0.194338] Hierarchical SRCU implementation.
[    0.197051] NMI watchdog: Perf event create on CPU 0 failed with -2
[    0.200006] NMI watchdog: Perf NMI watchdog permanently disabled
[    0.201977] smp: Bringing up secondary CPUs ...
[    0.203494] x86: Booting SMP configuration:
[    0.204005] .... node  #0, CPUs:      #1
[    0.004000] kvm-clock: cpu 1, msr 0:3ff44041, secondary cpu clock
[    0.212022] smp: Brought up 1 node, 2 CPUs
[    0.213203] smpboot: Max logical packages: 1
[    0.214220] smpboot: Total of 2 processors activated (7987.19 BogoMIPS)
[    0.216145] devtmpfs: initialized
[    0.216987] x86/mm: Memory block size: 128MB
[    0.218825] evm: security.selinux
[    0.220010] evm: security.SMACK64
[    0.221461] evm: security.SMACK64EXEC
[    0.224007] evm: security.SMACK64TRANSMUTE
[    0.225548] evm: security.SMACK64MMAP
[    0.226467] evm: security.apparmor
[    0.228006] evm: security.ima
[    0.229094] evm: security.capability
[    0.230208] clocksource: jiffies: mask: 0xffffffff max_cycles: 0xffffffff, max_idle_ns: 7645041785100000 ns
[    0.232022] futex hash table entries: 512 (order: 3, 32768 bytes)
[    0.234087] pinctrl core: initialized pinctrl subsystem
[    0.238677] RTC time: 21:40:33, date: 09/23/22
[    0.240279] NET: Registered protocol family 16
[    0.242419] audit: initializing netlink subsys (disabled)
[    0.244087] audit: type=2000 audit(1663969240.317:1): state=initialized audit_enabled=0 res=1
[    0.246462] cpuidle: using governor ladder
[    0.248022] cpuidle: using governor menu
[    0.248982] ACPI: bus type PCI registered
[    0.249932] acpiphp: ACPI Hot Plug PCI Controller Driver version: 0.5
[    0.252142] PCI: Using configuration type 1 for base access
[    0.256498] HugeTLB registered 2.00 MiB page size, pre-allocated 0 pages
[    0.257938] ACPI: Added _OSI(Module Device)
[    0.260007] ACPI: Added _OSI(Processor Device)
[    0.261168] ACPI: Added _OSI(3.0 _SCP Extensions)
[    0.262446] ACPI: Added _OSI(Processor Aggregator Device)
[    0.263703] ACPI: Added _OSI(Linux-Dell-Video)
[    0.264010] ACPI: Added _OSI(Linux-Lenovo-NV-HDMI-Audio)
[    0.265476] ACPI: Added _OSI(Linux-HPI-Hybrid-Graphics)
[    0.268485] ACPI: Executed 1 blocks of module-level executable AML code
[    0.273978] ACPI: Interpreter enabled
[    0.275109] ACPI: (supports S0 S5)
[    0.276007] ACPI: Using IOAPIC for interrupt routing
[    0.277383] PCI: Using host bridge windows from ACPI; if necessary, use "pci=nocrs" and report a bug
[    0.279596] ACPI: Enabled 2 GPEs in block 00 to 07
[    0.288204] ACPI: PCI Root Bridge [PCI0] (domain 0000 [bus 00-ff])
[    0.290288] acpi PNP0A03:00: _OSC: OS supports [ASPM ClockPM Segments MSI]
[    0.292336] acpi PNP0A03:00: _OSC: not requesting OS control; OS requires [ExtendedConfig ASPM ClockPM MSI]
[    0.294612] acpi PNP0A03:00: fail to add MMCONFIG information, can't access extended PCI configuration space under this bridge.
[    0.296576] PCI host bridge to bus 0000:00
[    0.297496] pci_bus 0000:00: root bus resource [io  0x0000-0x0cf7 window]
[    0.300011] pci_bus 0000:00: root bus resource [io  0x0d00-0xffff window]
[    0.301716] pci_bus 0000:00: root bus resource [mem 0x000a0000-0x000bffff window]
[    0.304011] pci_bus 0000:00: root bus resource [mem 0x40000000-0xfdffffff window]
[    0.308010] pci_bus 0000:00: root bus resource [bus 00-ff]
[    0.314075] pci 0000:00:01.1: legacy IDE quirk: reg 0x10: [io  0x01f0-0x01f7]
[    0.315819] pci 0000:00:01.1: legacy IDE quirk: reg 0x14: [io  0x03f6]
[    0.316011] pci 0000:00:01.1: legacy IDE quirk: reg 0x18: [io  0x0170-0x0177]
[    0.317613] pci 0000:00:01.1: legacy IDE quirk: reg 0x1c: [io  0x0376]
[    0.339829] pci 0000:00:07.0: quirk: [io  0x4000-0x403f] claimed by PIIX4 ACPI
[    0.340031] pci 0000:00:07.0: quirk: [io  0x4100-0x410f] claimed by PIIX4 SMB
[    0.357912] ACPI: PCI Interrupt Link [LNKA] (IRQs 5 9 10 *11)
[    0.359775] ACPI: PCI Interrupt Link [LNKB] (IRQs 5 9 *10 11)
[    0.360163] ACPI: PCI Interrupt Link [LNKC] (IRQs 5 *9 10 11)
[    0.364148] ACPI: PCI Interrupt Link [LNKD] (IRQs 5 9 10 *11)
[    0.366266] SCSI subsystem initialized
[    0.368102] pci 0000:00:02.0: vgaarb: setting as boot VGA device
[    0.369613] pci 0000:00:02.0: vgaarb: VGA device added: decodes=io+mem,owns=io+mem,locks=none
[    0.372023] pci 0000:00:02.0: vgaarb: bridge control possible
[    0.376013] vgaarb: loaded
[    0.376888] ACPI: bus type USB registered
[    0.378948] usbcore: registered new interface driver usbfs
[    0.380029] usbcore: registered new interface driver hub
[    0.381433] usbcore: registered new device driver usb
[    0.384096] EDAC MC: Ver: 3.0.0
[    0.385205] PCI: Using ACPI for IRQ routing
[    0.385362] NetLabel: Initializing
[    0.388015] NetLabel:  domain hash size = 128
[    0.389579] NetLabel:  protocols = UNLABELED CIPSOv4 CALIPSO
[    0.390868] NetLabel:  unlabeled traffic allowed by default
[    0.392065] clocksource: Switched to clocksource kvm-clock
[    0.409705] VFS: Disk quotas dquot_6.6.0
[    0.410749] VFS: Dquot-cache hash table entries: 512 (order 0, 4096 bytes)
[    0.412500] AppArmor: AppArmor Filesystem Enabled
[    0.413482] pnp: PnP ACPI init
[    0.415519] pnp: PnP ACPI: found 3 devices
[    0.425022] clocksource: acpi_pm: mask: 0xffffff max_cycles: 0xffffff, max_idle_ns: 2085701024 ns
[    0.427021] NET: Registered protocol family 2
[    0.428072] IP idents hash table entries: 16384 (order: 5, 131072 bytes)
[    0.432201] TCP established hash table entries: 8192 (order: 4, 65536 bytes)
[    0.433789] TCP bind hash table entries: 8192 (order: 5, 131072 bytes)
[    0.435227] TCP: Hash tables configured (established 8192 bind 8192)
[    0.436626] UDP hash table entries: 512 (order: 2, 16384 bytes)
[    0.437787] UDP-Lite hash table entries: 512 (order: 2, 16384 bytes)
[    0.439673] NET: Registered protocol family 1
[    0.442648] pci 0000:00:00.0: Limiting direct PCI/PCI transfers
[    0.445937] pci 0000:00:01.0: Activating ISA DMA hang workarounds
[    0.448148] pci 0000:00:02.0: Video device with shadowed ROM at [mem 0x000c0000-0x000dffff]
[    0.455890] Unpacking initramfs...
[    0.938318] Freeing initrd memory: 20400K
[    0.940020] clocksource: tsc: mask: 0xffffffffffffffff max_cycles: 0x3990bc5adef, max_idle_ns: 881590438240 ns
[    0.944061] platform rtc_cmos: registered platform RTC device (no PNP device found)
[    0.968783] Scanning for low memory corruption every 60 seconds
[    0.982635] Initialise system trusted keyrings
[    0.984499] Key type blacklist registered
[    0.986672] workingset: timestamp_bits=36 max_order=18 bucket_order=0
[    0.991806] zbud: loaded
[    0.994363] squashfs: version 4.0 (2009/01/31) Phillip Lougher
[    0.999970] fuse init (API version 7.26)
[    1.023182] Key type asymmetric registered
[    1.026964] Asymmetric key parser 'x509' registered
[    1.029918] Block layer SCSI generic (bsg) driver version 0.4 loaded (major 246)
[    1.032335] io scheduler noop registered
[    1.034286] io scheduler deadline registered
[    1.035461] io scheduler cfq registered (default)
[    1.039295] ACPI: AC Adapter [AC] (on-line)
[    1.044414] input: Power Button as /devices/LNXSYSTM:00/LNXPWRBN:00/input/input0
[    1.052479] ACPI: Power Button [PWRF]
[    1.059663] input: Sleep Button as /devices/LNXSYSTM:00/LNXSLPBN:00/input/input1
[    1.062394] ACPI: Sleep Button [SLPF]
[    1.065739] ACPI: Battery Slot [BAT0] (battery present)
[    1.067573] Serial: 8250/16550 driver, 32 ports, IRQ sharing enabled
[    1.090303] 00:02: ttyS0 at I/O 0x3f8 (irq = 4, base_baud = 115200) is a 16550A
[    1.098424] Linux agpgart interface v0.103
[    1.106746] loop: module loaded
[    1.109262] scsi host0: ata_piix
[    1.110983] scsi host1: ata_piix
[    1.113024] ata1: PATA max UDMA/33 cmd 0x1f0 ctl 0x3f6 bmdma 0xd000 irq 14
[    1.115392] ata2: PATA max UDMA/33 cmd 0x170 ctl 0x376 bmdma 0xd008 irq 15
[    1.118641] tun: Universal TUN/TAP device driver, 1.6
[    1.120431] PPP generic driver version 2.4.2
[    1.122022] ehci_hcd: USB 2.0 'Enhanced' Host Controller (EHCI) Driver
[    1.125466] ehci-pci: EHCI PCI platform driver
[    1.127630] ehci-platform: EHCI generic platform driver
[    1.128984] ohci_hcd: USB 1.1 'Open' Host Controller (OHCI) Driver
[    1.130281] ohci-pci: OHCI PCI platform driver
[    1.131249] ohci-platform: OHCI generic platform driver
[    1.132434] uhci_hcd: USB Universal Host Controller Interface driver
[    1.134456] i8042: PNP: PS/2 Controller [PNP0303:PS2K,PNP0f03:PS2M] at 0x60,0x64 irq 1,12
[    1.136928] serio: i8042 KBD port at 0x60,0x64 irq 1
[    1.139249] serio: i8042 AUX port at 0x60,0x64 irq 12
[    1.150335] mousedev: PS/2 mouse device common for all mice
[    1.152622] rtc_cmos rtc_cmos: rtc core: registered rtc_cmos as rtc0
[    1.161097] rtc_cmos rtc_cmos: alarms up to one day, 114 bytes nvram
[    1.165320] input: AT Translated Set 2 keyboard as /devices/platform/i8042/serio0/input/input2
[    1.168157] i2c /dev entries driver
[    1.177597] device-mapper: uevent: version 1.0.3
[    1.182484] device-mapper: ioctl: 4.37.0-ioctl (2017-09-20) initialised: dm-devel@redhat.com
[    1.201861] ledtrig-cpu: registered to indicate activity on CPUs
[    1.206187] NET: Registered protocol family 10
[    1.218953] Segment Routing with IPv6
[    1.221177] NET: Registered protocol family 17
[    1.225574] Key type dns_resolver registered
[    1.227567] mce: Using 0 MCE banks
[    1.228919] RAS: Correctable Errors collector initialized.
[    1.230369] sched_clock: Marking stable (1228894609, 0)->(1545598341, -316703732)
[    1.232337] registered taskstats version 1
[    1.233492] Loading compiled-in X.509 certificates
[    1.237244] Loaded X.509 cert 'Build time autogenerated kernel key: af04d57e94487e4500da7630f19b69a59e91d95a'
[    1.239864] Loaded X.509 cert 'Canonical Ltd. Live Patch Signing: 14df34d1a87cf37625abec039ef2bf521249b969'
[    1.244277] Loaded X.509 cert 'Canonical Ltd. Kernel Module Signing: 88f752e560a1e0737e31163a466ad7b70a850c19'
[    1.247215] blacklist: Loading compiled-in revocation X.509 certificates
[    1.248628] Loaded X.509 cert 'Canonical Ltd. Secure Boot Signing: 61482aa2830d0ab2ad5af10b7250da9033ddcef0'
[    1.250797] zswap: loaded using pool lzo/zbud
[    1.255409] Key type big_key registered
[    1.256456] Key type trusted registered
[    1.259273] Key type encrypted registered
[    1.260118] AppArmor: AppArmor sha1 policy hashing enabled
[    1.261282] ima: No TPM chip found, activating TPM-bypass! (rc=-19)
[    1.262591] ima: Allocated hash algorithm: sha1
[    1.263558] evm: HMAC attrs: 0x1
[    1.264706]   Magic number: 6:110:703
[    1.265993] rtc_cmos rtc_cmos: setting system clock to 2022-09-23 21:40:34 UTC (1663969234)
[    1.267921] BIOS EDD facility v0.16 2004-Jun-25, 0 devices found
[    1.269162] EDD information not available.
[    1.307642] Freeing unused kernel image memory: 2468K
[    1.320200] Write protecting the kernel read-only data: 20480k
[    1.321906] Freeing unused kernel image memory: 2008K
[    1.323372] Freeing unused kernel image memory: 1820K
[    1.330615] x86/mm: Checked W+X mappings: passed, no W+X pages found.
[    1.332090] x86/mm: Checking user space page tables
[    1.338626] x86/mm: Checked W+X mappings: passed, no W+X pages found.
Loading, please wait...
starting version 237
[    1.410992] e1000: Intel(R) PRO/1000 Network Driver - version 7.3.21-k8-NAPI
[    1.413392] e1000: Copyright (c) 1999-2006 Intel Corporation.
[    1.425933] Fusion MPT base driver 3.04.20
[    1.428487] Copyright (c) 1999-2008 LSI Corporation
[    1.439969] Fusion MPT SPI Host driver 3.04.20
[    1.483558] AVX2 version of gcm_enc/dec engaged.
[    1.485715] AES CTR mode by8 optimization enabled
[    1.515227] vboxvideo: loading out-of-tree module taints kernel.
[    1.524619] vboxvideo: module verification failed: signature and/or required key missing - tainting kernel
[    1.543838] vboxvideo: loading version 6.1.36 r152435
[    1.645471] input: ImExPS/2 Generic Explorer Mouse as /devices/platform/i8042/serio1/input/input4
[    1.983288] e1000 0000:00:03.0 eth0: (PCI:33MHz:32-bit) 02:a0:66:c7:c8:08
[    1.988722] e1000 0000:00:03.0 eth0: Intel(R) PRO/1000 Network Connection
[    3.005375] e1000 0000:00:08.0 eth1: (PCI:33MHz:32-bit) 08:00:27:9b:55:80
[    3.006767] e1000 0000:00:08.0 eth1: Intel(R) PRO/1000 Network Connection
[    3.010481] e1000 0000:00:08.0 enp0s8: renamed from eth1
[    3.012106] mptbase: ioc0: Initiating bringup
[    3.032658] e1000 0000:00:03.0 enp0s3: renamed from eth0
[    3.116375] ioc0: LSI53C1030 A0: Capabilities={Initiator}
[    3.364077] scsi host2: ioc0: LSI53C1030 A0, FwRev=00000000h, Ports=1, MaxQ=256, IRQ=20
[    3.532518] scsi 2:0:0:0: Direct-Access     VBOX     HARDDISK         1.0  PQ: 0 ANSI: 5
[    3.535810] [drm] VRAM 01000000
[    3.537425] [TTM] Zone  kernel: Available graphics memory: 504254 kiB
[    3.541731] [TTM] Initializing pool allocator
[    3.544215] [TTM] Initializing DMA pool allocator
[    3.550223] fbcon: vboxdrmfb (fb0) is primary device
[    3.552589] Console: switching to colour frame buffer device 100x37
[    3.556819] vboxvideo 0000:00:02.0: fb0: vboxdrmfb frame buffer device
[    3.560444] scsi target2:0:0: Beginning Domain Validation
[    3.564416] scsi target2:0:0: Domain Validation skipping write tests
[    3.568663] scsi target2:0:0: Ending Domain Validation
[    3.570479] scsi target2:0:0: asynchronous
[    3.572149] [drm] Initialized vboxvideo 1.0.0 20130823 for 0000:00:02.0 on minor 0
[    3.577788] scsi 2:0:1:0: Direct-Access     VBOX     HARDDISK         1.0  PQ: 0 ANSI: 5
[    3.608272] scsi target2:0:1: Beginning Domain Validation
[    3.610262] random: fast init done
[    3.611972] scsi target2:0:1: Domain Validation skipping write tests
[    3.613194] scsi target2:0:1: Ending Domain Validation
[    3.614637] scsi target2:0:1: asynchronous
[    3.620156] random: systemd-udevd: uninitialized urandom read (16 bytes read)
[    3.621604] random: systemd-udevd: uninitialized urandom read (16 bytes read)
[    3.624281] random: systemd-udevd: uninitialized urandom read (16 bytes read)
[    3.627983] sd 2:0:0:0: Attached scsi generic sg0 type 0
[    3.628335] sd 2:0:0:0: [sda] 83886080 512-byte logical blocks: (42.9 GB/40.0 GiB)
[    3.629571] sd 2:0:1:0: Attached scsi generic sg1 type 0
[    3.632014] sd 2:0:0:0: [sda] Write Protect is off
[    3.634920] sd 2:0:1:0: [sdb] 20480 512-byte logical blocks: (10.5 MB/10.0 MiB)
[    3.635354] sd 2:0:0:0: [sda] Incomplete mode parameter data
[    3.638360] sd 2:0:0:0: [sda] Assuming drive cache: write through
[    3.638393] sd 2:0:1:0: [sdb] Write Protect is off
[    3.641497] sd 2:0:1:0: [sdb] Incomplete mode parameter data
[    3.643081]  sda: sda1
[    3.643212] sd 2:0:1:0: [sdb] Assuming drive cache: write through
[    3.659185] sd 2:0:0:0: [sda] Attached SCSI disk
[    3.664162] sd 2:0:1:0: [sdb] Attached SCSI disk
Begin: Loading essential drivers ... [    3.880198] raid6: sse2x1   gen()  7872 MB/s
[    3.936201] raid6: sse2x1   xor()  4731 MB/s
[    3.984167] raid6: sse2x2   gen() 10807 MB/s
[    4.032365] raid6: sse2x2   xor()  6118 MB/s
[    4.080112] raid6: sse2x4   gen() 11979 MB/s
[    4.128878] raid6: sse2x4   xor()  4058 MB/s
[    4.180315] raid6: avx2x1   gen() 12746 MB/s
[    4.228135] raid6: avx2x1   xor() 13459 MB/s
[    4.276191] raid6: avx2x2   gen() 29156 MB/s
[    4.324225] raid6: avx2x2   xor() 17363 MB/s
[    4.372114] raid6: avx2x4   gen() 24986 MB/s
[    4.426106] raid6: avx2x4   xor()  6230 MB/s
[    4.519508] raid6: using algorithm avx2x2 gen() 29156 MB/s
[    4.524769] raid6: .... xor() 17363 MB/s, rmw enabled
[    4.530725] raid6: using avx2x2 recovery algorithm
[    4.539100] xor: automatically using best checksumming function   avx       
[    4.545263] async_tx: api initialized (async)
done.
Begin: Running /scripts/init-premount ... done.
Begin: Mounting root file system ... Begin: Running /scripts/local-top ... done.
Begin: Running /scripts/local-premount ... [    4.634628] Btrfs loaded, crc32c=crc32c-intel
Scanning for Btrfs filesystems
done.
Begin: Will now check root file system ... fsck from util-linux 2.31.1
[/sbin/fsck.ext4 (1) -- /dev/sda1] fsck.ext4 -a -C0 /dev/sda1 
cloudimg-rootfs: clean, 74136/5120000 files, 726796/10485499 blocks
done.
[    4.700465] EXT4-fs (sda1): mounted filesystem with ordered data mode. Opts: (null)
done.
Begin: Running /scripts/local-bottom ... done.
Begin: Running /scripts/init-bottom ... done.
[    4.917782] ip_tables: (C) 2000-2006 Netfilter Core Team
[    4.932666] systemd[1]: systemd 237 running in system mode. (+PAM +AUDIT +SELINUX +IMA +APPARMOR +SMACK +SYSVINIT +UTMP +LIBCRYPTSETUP +GCRYPT +GNUTLS +ACL +XZ +LZ4 +SECCOMP +BLKID +ELFUTILS +KMOD -IDN2 +IDN -PCRE2 default-hierarchy=hybrid)
[    4.938669] systemd[1]: Detected virtualization oracle.
[    4.939966] systemd[1]: Detected architecture x86-64.

Welcome to [1mUbuntu 18.04.6 LTS[0m!

[    4.961403] systemd[1]: Set hostname to <ubuntu-bionic>.
[    5.383510] systemd[1]: Set up automount Arbitrary Executable File Formats File System Automount Point.
[[0;32m  OK  [0m] Set up automount Arbitrary Executab…rmats File System Automount Point.
[    5.390358] systemd[1]: Reached target System Time Synchronized.
[[0;32m  OK  [0m] Reached target System Time Synchronized.
[    5.395007] systemd[1]: Created slice System Slice.
[[0;32m  OK  [0m] Created slice System Slice.
[    5.397034] systemd[1]: Listening on udev Control Socket.
[[0;32m  OK  [0m] Listening on udev Control Socket.
[    5.399658] systemd[1]: Listening on Network Service Netlink Socket.
[[0;32m  OK  [0m] Listening on Network Service Netlink Socket.
[    5.402778] systemd[1]: Listening on fsck to fsckd communication Socket.
[[0;32m  OK  [0m] Listening on fsck to fsckd communication Socket.
[[0;32m  OK  [0m] Listening on /dev/initctl Compatibility Named Pipe.
[[0;32m  OK  [0m] Listening on Device-mapper event daemon FIFOs.
[[0;32m  OK  [0m] Reached target User and Group Name Lookups.
[[0;32m  OK  [0m] Listening on udev Kernel Socket.
[[0;32m  OK  [0m] Listening on Journal Socket (/dev/log).
[[0;32m  OK  [0m] Listening on LVM2 poll daemon socket.
[[0;32m  OK  [0m] Started Forward Password Requests to Wall Directory Watch.
[[0;32m  OK  [0m] Listening on LVM2 metadata daemon socket.
[[0;32m  OK  [0m] Listening on Journal Audit Socket.
[[0;32m  OK  [0m] Listening on Journal Socket.
         Starting udev Coldplug all Devices...
         Starting Uncomplicated firewall...
         Mounting Huge Pages File System...
         Starting Create list of required st…ce nodes for the current kernel...
         Starting Remount Root and Kernel File Systems...
         Mounting POSIX Message Queue File System...
         Starting Load Kernel Modules...
[    5.464608] EXT4-fs (sda1): re-mounted. Opts: (null)
         Starting Monitoring of LVM2 mirrors…ng dmeventd or progress polling...
[[0;32m  OK  [0m] Created slice User and Session Slice.
[[0;32m  OK  [0m] Reached target Slices.
[[0;32m  OK  [0m] Listening on Syslog Socket.
[[0;32m  OK  [0m] Created slice system-serial\x2dgetty.slice.
         Starting Journal Service...
         Starting Set the console keyboard layout...
         Mounting Kernel Debug File System...
[[0;32m  OK  [0m] Reached target Swap.
[    5.549034] Loading iSCSI transport class v2.0-870.
[[0;32m  OK  [0m] Started Uncomplicated firewall.
[[0;32m  OK  [0m] Mounted Huge Pages File System.
[[0;32m  OK  [0m] Started Create list of required sta…vice nodes for the current kernel.
[    5.563941] iscsi: registered transport (tcp)
[[0;32m  OK  [0m] Started Remount Root and Kernel File Systems.
[[0;32m  OK  [0m] Mounted POSIX Message Queue File System.
[[0;32m  OK  [0m] Mounted Kernel Debug File System.
[[0;32m  OK  [0m] Started LVM2 metadata daemon.
         Starting Load/Save Random Seed...
[    5.629690] iscsi: registered transport (iser)
         Starting Create Static Device Nodes in /dev...
[[0;32m  OK  [0m] Started Journal Service.
[[0;32m  OK  [0m] Started Load Kernel Modules.
[[0;32m  OK  [0m] Started udev Coldplug all Devices.
[[0;32m  OK  [0m] Started Load/Save Random Seed.
[[0;32m  OK  [0m] Started Monitoring of LVM2 mirrors,…sing dmeventd or progress polling.
         Starting Apply Kernel Variables...
         Mounting FUSE Control File System...
         Mounting Kernel Configuration File System...
         Starting Flush Journal to Persistent Storage...
[[0;32m  OK  [0m] Mounted FUSE Control File System.
[[0;32m  OK  [0m] Mounted Kernel Configuration File System.
[[0;32m  OK  [0m] Started Create Static Device Nodes in /dev.
[[0;32m  OK  [0m] Started Set the console keyboard layout.
[[0;32m  OK  [0m] Started Apply Kernel Variables.
[[0;32m  OK  [0m] Reached target Local File Systems (Pre).
[[0;32m  OK  [0m] Reached target Local File Systems.
         Starting Set console font and keymap...
         Starting AppArmor initialization...
         Starting ebtables ruleset management...
         Starting Tell Plymouth To Write Out Runtime Data...
         Starting udev Kernel Device Manager...
[[0;32m  OK  [0m] Started Set console font and keymap.
[[0;32m  OK  [0m] Started Tell Plymouth To Write Out Runtime Data.
[[0;32m  OK  [0m] Started udev Kernel Device Manager.
[[0;32m  OK  [0m] Started Dispatch Password Requests to Console Directory Watch.
[[0;32m  OK  [0m] Reached target Local Encrypted Volumes.
[[0;32m  OK  [0m] Started Flush Journal to Persistent Storage.
         Starting Create Volatile Files and Directories...
[[0;32m  OK  [0m] Started ebtables ruleset management.
[[0;32m  OK  [0m] Started Create Volatile Files and Directories.
         Starting Update UTMP about System Boot/Shutdown...
[[0;32m  OK  [0m] Started Update UTMP about System Boot/Shutdown.
[[0;32m  OK  [0m] Started AppArmor initialization.
[[0;32m  OK  [0m] Found device /dev/ttyS0.
         Starting Load AppArmor profiles managed internally by snapd...
         Starting Initial cloud-init job (pre-networking)...
[[0;32m  OK  [0m] Started Load AppArmor profiles managed internally by snapd.
[[0;32m  OK  [0m] Listening on Load/Save RF Kill Switch Status /dev/rfkill Watch.
[    8.267416] cloud-init[554]: Cloud-init v. 22.2-0ubuntu1~18.04.3 running 'init-local' at Fri, 23 Sep 2022 21:40:41 +0000. Up 8.00 seconds.
[[0;32m  OK  [0m] Started Initial cloud-init job (pre-networking).
[[0;32m  OK  [0m] Reached target Network (Pre).
         Starting Network Service...
[[0;32m  OK  [0m] Started Network Service.
         Starting Wait for Network to be Configured...
         Starting Network Name Resolution...
[[0;32m  OK  [0m] Started Network Name Resolution.
[[0;32m  OK  [0m] Reached target Host and Network Name Lookups.
[[0;32m  OK  [0m] Reached target Network.
[[0;32m  OK  [0m] Started Wait for Network to be Configured.
         Starting Initial cloud-init job (metadata service crawler)...
[   11.292308] cloud-init[726]: Cloud-init v. 22.2-0ubuntu1~18.04.3 running 'init' at Fri, 23 Sep 2022 21:40:44 +0000. Up 10.96 seconds.
[   11.301150] cloud-init[726]: ci-info: +++++++++++++++++++++++++++++++++++++++++++++Net device info+++++++++++++++++++++++++++++++++++++++++++++
[   11.321995] cloud-init[726]: ci-info: +--------+------+------------------------------------------+---------------+--------+-------------------+
[   11.335803] cloud-init[726]: ci-info: | Device |  Up  |                 Address                  |      Mask     | Scope  |     Hw-Address    |
[   11.350872] cloud-init[726]: ci-info: +--------+------+------------------------------------------+---------------+--------+-------------------+
[   11.362890] cloud-init[726]: ci-info: | enp0s3 | True |                10.0.2.15                 | 255.255.255.0 | global | 02:a0:66:c7:c8:08 |
[   11.370667] cloud-init[726]: ci-info: | enp0s3 | True |        fe80::a0:66ff:fec7:c808/64        |       .       |  link  | 02:a0:66:c7:c8:08 |
[   11.385785] cloud-init[726]: ci-info: | enp0s8 | True |              192.168.1.210               | 255.255.255.0 | global | 08:00:27:9b:55:80 |
[   11.396376] cloud-init[726]: ci-info: | enp0s8 | True | 2804:d41:bc02:b800:a00:27ff:fe9b:5580/64 |       .       | global | 08:00:27:9b:55:80 |
[   11.407793] cloud-init[726]: ci-info: | enp0s8 | True |       fe80::a00:27ff:fe9b:5580/64        |       .       |  link  | 08:00:27:9b:55:80 |
[   11.412865] cloud-init[726]: ci-info: |   lo   | True |                127.0.0.1                 |   255.0.0.0   |  host  |         .         |
[   11.420955] cloud-init[726]: ci-info: |   lo   | True |                 ::1/128                  |       .       |  host  |         .         |
[   11.425891] cloud-init[726]: ci-info: +--------+------+------------------------------------------+---------------+--------+-------------------+
[   11.431188] cloud-init[726]: ci-info: ++++++++++++++++++++++++++++Route IPv4 info+++++++++++++++++++++++++++++
[   11.440488] cloud-init[726]: ci-info: +-------+-------------+----------+-----------------+-----------+-------+
[   11.446245] cloud-init[726]: ci-info: | Route | Destination | Gateway  |     Genmask     | Interface | Flags |
[   11.449924] cloud-init[726]: ci-info: +-------+-------------+----------+-----------------+-----------+-------+
[   11.453582] cloud-init[726]: ci-info: |   0   |   0.0.0.0   | 10.0.2.2 |     0.0.0.0     |   enp0s3  |   UG  |
[   11.456554] cloud-init[726]: ci-info: |   1   |   10.0.2.0  | 0.0.0.0  |  255.255.255.0  |   enp0s3  |   U   |
[   11.459204] cloud-init[726]: ci-info: |   2   |   10.0.2.2  | 0.0.0.0  | 255.255.255.255 |   enp0s3  |   UH  |
[   11.460930] cloud-init[726]: ci-info: |   3   | 192.168.1.0 | 0.0.0.0  |  255.255.255.0  |   enp0s8  |   U   |
[   11.461903] cloud-init[726]: ci-info: +-------+-------------+----------+-----------------+-----------+-------+
[   11.464546] cloud-init[726]: ci-info: +++++++++++++++++++++++++Route IPv6 info+++++++++++++++++++++++++
[   11.476670] cloud-init[726]: ci-info: +-------+-------------------------+---------+-----------+-------+
[   11.488461] cloud-init[726]: ci-info: | Route |       Destination       | Gateway | Interface | Flags |
[   11.501933] cloud-init[726]: ci-info: +-------+-------------------------+---------+-----------+-------+
[   11.512427] cloud-init[726]: ci-info: |   1   | 2804:d41:bc02:b800::/64 |    ::   |   enp0s8  |   U   |
[   11.524792] cloud-init[726]: ci-info: |   2   |        fe80::/64        |    ::   |   enp0s8  |   U   |
[   11.536387] cloud-init[726]: ci-info: |   3   |        fe80::/64        |    ::   |   enp0s3  |   U   |
[   11.548348] cloud-init[726]: ci-info: |   4   |           ::/0          | fe80::1 |   enp0s8  |   UG  |
[   11.560230] cloud-init[726]: ci-info: |   6   |          local          |    ::   |   enp0s3  |   U   |
[   11.561737] cloud-init[726]: ci-info: |   7   |          local          |    ::   |   enp0s8  |   U   |
[   11.563296] cloud-init[726]: ci-info: |   8   |         ff00::/8        |    ::   |   enp0s8  |   U   |
[   11.576775] cloud-init[726]: ci-info: |   9   |         ff00::/8        |    ::   |   enp0s3  |   U   |
[   11.588429] cloud-init[726]: ci-info: +-------+-------------------------+---------+-----------+-------+
[[0;32m  OK  [0m] Started Initial cloud-init job (metadata service crawler).
[[0;32m  OK  [0m] Reached target Cloud-config availability.
[[0;32m  OK  [0m] Reached target System Initialization.
[[0;32m  OK  [0m] Started Daily Cleanup of Temporary Directories.
[[0;32m  OK  [0m] Listening on D-Bus System Message Bus Socket.
[[0;32m  OK  [0m] Listening on UUID daemon activation socket.
[[0;32m  OK  [0m] Started Message of the Day.
         Starting Socket activation for snappy daemon.
[[0;32m  OK  [0m] Listening on cloud-init hotplug hook socket.
[[0;32m  OK  [0m] Listening on ACPID Listen Socket.
[[0;32m  OK  [0m] Started Ubuntu Advantage Timer for running repeated jobs.
[[0;32m  OK  [0m] Started Daily apt download activities.
[[0;32m  OK  [0m] Started Daily apt upgrade and clean activities.
         Starting LXD - unix socket.
[[0;32m  OK  [0m] Listening on Open-iSCSI iscsid Socket.
[[0;32m  OK  [0m] Started ACPI Events Check.
[[0;32m  OK  [0m] Reached target Paths.
[[0;32m  OK  [0m] Started Discard unused blocks once a week.
[[0;32m  OK  [0m] Reached target Timers.
[[0;32m  OK  [0m] Reached target Network is Online.
[[0;32m  OK  [0m] Reached target Remote File Systems (Pre).
         Mounting /vagrant...
         Starting Availability of block devices...
[[0;32m  OK  [0m] Listening on Socket activation for snappy daemon.
[[0;32m  OK  [0m] Listening on LXD - unix socket.
[[0;32m  OK  [0m] Reached target Sockets.
[[0;32m  OK  [0m] Reached target Basic System.
[[0;32m  OK  [0m] Started irqbalance daemon.
[[0;32m  OK  [0m] Started D-Bus System Message Bus.
[[0;32m  OK  [0m] Started Regular background program processing daemon.
         Starting LSB: Record successful boot for GRUB...
         Starting vboxadd.service...
         Starting System Logging Service...
[[0;32m  OK  [0m] Started FUSE filesystem for LXC.
         Starting Dispatcher daemon for systemd-networkd...
         Starting Message of the Day...
[[0;32m  OK  [0m] Started Deferred execution scheduler.
         Starting LXD - container startup/shutdown...
         Starting OpenBSD Secure Shell server...
         Starting Accounts Service...
         Starting Login Service...
         Starting Snap Daemon...
[[0;32m  OK  [0m] Started System Logging Service.
[[0;1;31mFAILED[0m] Failed to mount /vagrant.
See 'systemctl status vagrant.mount' for details.
[[0;1;33mDEPEND[0m] Dependency failed for Remote File Systems.
[[0;32m  OK  [0m] Started Availability of block devices.
         Starting LSB: automatic crash report generation...
         Starting Permit User Sessions...
[[0;32m  OK  [0m] Started OpenBSD Secure Shell server.
[[0;32m  OK  [0m] Started Permit User Sessions.
[[0;32m  OK  [0m] Started Login Service.
[[0;32m  OK  [0m] Started Unattended Upgrades Shutdown.
         Starting Terminate Plymouth Boot Screen...
         Starting Hold until boot process finishes up...
         Starting Authorization Manager...
[[0;32m  OK  [0m] Started Hold until boot process finishes up.
[[0;32m  OK  [0m] Started LSB: Record successful boot for GRUB.
[[0;32m  OK  [0m] Started Serial Getty on ttyS0.
         Starting Set console scheme...
[[0;32m  OK  [0m] Started Terminate Plymouth Boot Screen.
[[0;32m  OK  [0m] Started Set console scheme.
[[0;32m  OK  [0m] Created slice system-getty.slice.
[[0;32m  OK  [0m] Started Getty on tty1.
[[0;32m  OK  [0m] Reached target Login Prompts.
[[0;32m  OK  [0m] Started LXD - container startup/shutdown.
[[0;32m  OK  [0m] Started Authorization Manager.
[[0;32m  OK  [0m] Started Accounts Service.
[[0;32m  OK  [0m] Started LSB: automatic crash report generation.
[[0;32m  OK  [0m] Created slice User Slice of vagrant.
         Starting User Manager for UID 1000...
[[0;32m  OK  [0m] Started Session 1 of user vagrant.
[[0;32m  OK  [0m] Started Dispatcher daemon for systemd-networkd.
[[0;32m  OK  [0m] Started User Manager for UID 1000.
[[0;32m  OK  [0m] Started Snap Daemon.
         Starting Wait until snapd is fully seeded...
         Starting Time & Date Service...
[[0;32m  OK  [0m] Started Time & Date Service.
[[0;32m  OK  [0m] Started Wait until snapd is fully seeded.
         Starting Apply the settings specified in cloud-config...
[   16.171830] cloud-init[1249]: Cloud-init v. 22.2-0ubuntu1~18.04.3 running 'modules:config' at Fri, 23 Sep 2022 21:40:49 +0000. Up 15.95 seconds.
[[0;32m  OK  [0m] Started Apply the settings specified in cloud-config.
[[0;32m  OK  [0m] Started vboxadd.service.
         Starting vboxadd-service.service...
[[0;32m  OK  [0m] Started vboxadd-service.service.
[[0;32m  OK  [0m] Reached target Multi-User System.
[[0;32m  OK  [0m] Reached target Graphical Interface.
         Starting Update UTMP about System Runlevel Changes...
         Starting Execute cloud user/final scripts...
[[0;32m  OK  [0m] Started Update UTMP about System Runlevel Changes.
[   17.791809] cloud-init[1463]: Cloud-init v. 22.2-0ubuntu1~18.04.3 running 'modules:final' at Fri, 23 Sep 2022 21:40:50 +0000. Up 17.54 seconds.
[   17.805118] cloud-init[1463]: Cloud-init v. 22.2-0ubuntu1~18.04.3 finished at Fri, 23 Sep 2022 21:40:51 +0000. Datasource DataSourceNoCloud [seed=/dev/sdb][dsmode=net].  Up 17.77 seconds

Ubuntu 18.04.6 LTS ubuntu-bionic ttyS0

ubuntu-bionic login:          Stopping User Manager for UID 1000...
         Unmounting /vagrant...
[[0;32m  OK  [0m] Stopped target Cloud-init target.
         Stopping Session 3 of user vagrant.
         Stopping Session 5 of user vagrant.
[[0;32m  OK  [0m] Closed Load/Save RF Kill Switch Status /dev/rfkill Watch.
[[0;32m  OK  [0m] Stopped target Graphical Interface.
         Stopping Accounts Service...
[[0;32m  OK  [0m] Stopped Execute cloud user/final scripts.
[[0;32m  OK  [0m] Stopped target Multi-User System.
         Stopping Regular background program processing daemon...
         Stopping OpenBSD Secure Shell server...
[[0;32m  OK  [0m] Stopped target Login Prompts.
         Stopping D-Bus System Message Bus...
         Stopping Dispatcher daemon for systemd-networkd...
         Stopping FUSE filesystem for LXC...
         Stopping LSB: automatic crash report generation...
         Stopping vboxadd-service.service...
         Stopping LSB: Record successful boot for GRUB...
         Stopping System Logging Service...
         Stopping LXD - container startup/shutdown...
         Stopping Getty on tty1...
[[0;32m  OK  [0m] Stopped target Host and Network Name Lookups.
         Stopping Availability of block devices...
         Stopping Authorization Manager...
         Stopping irqbalance daemon...
         Stopping Serial Getty on ttyS0...
[[0;32m  OK  [0m] Stopped Apply the settings specified in cloud-config.
[[0;32m  OK  [0m] Stopped Wait until snapd is fully seeded.
[[0;32m  OK  [0m] Stopped target Cloud-config availability.
[[0;32m  OK  [0m] Stopped target Timers.
[[0;32m  OK  [0m] Stopped Discard unused blocks once a week.
[[0;32m  OK  [0m] Stopped Daily Cleanup of Temporary Directories.
[[0;32m  OK  [0m] Stopped Daily apt upgrade and clean activities.
[[0;32m  OK  [0m] Stopped Daily apt download activities.
[[0;32m  OK  [0m] Stopped Message of the Day.
[[0;32m  OK  [0m] Stopped target System Time Synchronized.
[[0;32m  OK  [0m] Stopped Ubuntu Advantage Timer for running repeated jobs.
         Stopping Deferred execution scheduler...
         Stopping Unattended Upgrades Shutdown...
[[0;32m  OK  [0m] Unmounted /var/lib/lxcfs.
[[0;32m  OK  [0m] Stopped irqbalance daemon.
[[0;32m  OK  [0m] Stopped Regular background program processing daemon.
[[0;32m  OK  [0m] Stopped System Logging Service.
[[0;32m  OK  [0m] Stopped Dispatcher daemon for systemd-networkd.
[[0;32m  OK  [0m] Stopped Deferred execution scheduler.
[[0;32m  OK  [0m] Stopped Accounts Service.
[[0;32m  OK  [0m] Stopped OpenBSD Secure Shell server.
[[0;32m  OK  [0m] Stopped Authorization Manager.
[[0;32m  OK  [0m] Stopped Serial Getty on ttyS0.
[[0;32m  OK  [0m] Stopped Getty on tty1.
[[0;32m  OK  [0m] Stopped Unattended Upgrades Shutdown.
[[0;32m  OK  [0m] Stopped User Manager for UID 1000.
[[0;32m  OK  [0m] Unmounted /vagrant.
[[0;32m  OK  [0m] Stopped D-Bus System Message Bus.
[[0;32m  OK  [0m] Stopped vboxadd-service.service.
[[0;32m  OK  [0m] Stopped Availability of block devices.
[[0;32m  OK  [0m] Stopped FUSE filesystem for LXC.
[[0;32m  OK  [0m] Stopped Session 3 of user vagrant.
[[0;32m  OK  [0m] Stopped Session 5 of user vagrant.
[[0;32m  OK  [0m] Stopped LXD - container startup/shutdown.
         Stopping vboxadd.service...
[[0;32m  OK  [0m] Stopped target Remote File Systems (Pre).
[[0;32m  OK  [0m] Stopped target Network is Online.
[[0;32m  OK  [0m] Removed slice User Slice of vagrant.
         Stopping Login Service...
[[0;32m  OK  [0m] Removed slice system-getty.slice.
[[0;32m  OK  [0m] Removed slice system-serial\x2dgetty.slice.
         Stopping Permit User Sessions...
[[0;32m  OK  [0m] Stopped LSB: automatic crash report generation.
[[0;32m  OK  [0m] Stopped LSB: Record successful boot for GRUB.
[[0;32m  OK  [0m] Stopped Permit User Sessions.
[[0;32m  OK  [0m] Stopped target Network.
         Stopping Network Name Resolution...
[[0;32m  OK  [0m] Stopped Network Name Resolution.
         Stopping Network Service...
[[0;32m  OK  [0m] Stopped Login Service.
[[0;32m  OK  [0m] Stopped Network Service.
[[0;32m  OK  [0m] Stopped vboxadd.service.
[[0;32m  OK  [0m] Stopped target Network (Pre).
[[0;32m  OK  [0m] Stopped target Basic System.
[[0;32m  OK  [0m] Stopped target Slices.
[[0;32m  OK  [0m] Removed slice User and Session Slice.
[[0;32m  OK  [0m] Stopped target Sockets.
[[0;32m  OK  [0m] Closed UUID daemon activation socket.
[[0;32m  OK  [0m] Closed D-Bus System Message Bus Socket.
[[0;32m  OK  [0m] Closed Socket activation for snappy daemon.
[[0;32m  OK  [0m] Closed cloud-init hotplug hook socket.
[[0;32m  OK  [0m] Closed LXD - unix socket.
[[0;32m  OK  [0m] Closed Syslog Socket.
[[0;32m  OK  [0m] Closed Open-iSCSI iscsid Socket.
[[0;32m  OK  [0m] Closed ACPID Listen Socket.
[[0;32m  OK  [0m] Stopped target Paths.
[[0;32m  OK  [0m] Stopped ACPI Events Check.
[[0;32m  OK  [0m] Stopped target System Initialization.
[[0;32m  OK  [0m] Stopped target Local Encrypted Volumes.
[[0;32m  OK  [0m] Stopped Forward Password Requests to Wall Directory Watch.
         Stopping Update UTMP about System Boot/Shutdown...
         Stopping Load/Save Random Seed...
[[0;32m  OK  [0m] Stopped Apply Kernel Variables.
[[0;32m  OK  [0m] Stopped Load Kernel Modules.
[[0;32m  OK  [0m] Stopped Initial cloud-init job (metadata service crawler).
[[0;32m  OK  [0m] Stopped Initial cloud-init job (pre-networking).
[[0;32m  OK  [0m] Stopped Dispatch Password Requests to Console Directory Watch.
[[0;32m  OK  [0m] Stopped target User and Group Name Lookups.
[[0;32m  OK  [0m] Stopped Load/Save Random Seed.
[[0;32m  OK  [0m] Stopped Update UTMP about System Boot/Shutdown.
[[0;32m  OK  [0m] Stopped Create Volatile Files and Directories.
[[0;32m  OK  [0m] Stopped target Local File Systems.
         Unmounting /run/user/1000...
[[0;32m  OK  [0m] Unmounted /run/user/1000.
[[0;32m  OK  [0m] Reached target Unmount All Filesystems.
[[0;32m  OK  [0m] Stopped target Local File Systems (Pre).
[[0;32m  OK  [0m] Stopped Create Static Device Nodes in /dev.
[[0;32m  OK  [0m] Stopped Remount Root and Kernel File Systems.
         Stopping Monitoring of LVM2 mirrors…ng dmeventd or progress polling...
[[0;32m  OK  [0m] Stopped target Swap.
[[0;32m  OK  [0m] Reached target Shutdown.
[[0;32m  OK  [0m] Reached target Final Step.
         Starting Reboot...
[[0;32m  OK  [0m] Stopped Monitoring of LVM2 mirrors,…sing dmeventd or progress polling.
         Stopping LVM2 metadata daemon...
[[0;32m  OK  [0m] Stopped LVM2 metadata daemon.
[ 2511.379825] reboot: Restarting system
[    0.000000] Linux version 4.15.0-192-generic (buildd@lcy02-amd64-029) (gcc version 7.5.0 (Ubuntu 7.5.0-3ubuntu1~18.04)) #203-Ubuntu SMP Wed Aug 10 17:40:03 UTC 2022 (Ubuntu 4.15.0-192.203-generic 4.15.18)
[    0.000000] Command line: BOOT_IMAGE=/boot/vmlinuz-4.15.0-192-generic root=LABEL=cloudimg-rootfs ro console=tty1 console=ttyS0
[    0.000000] KERNEL supported cpus:
[    0.000000]   Intel GenuineIntel
[    0.000000]   AMD AuthenticAMD
[    0.000000]   Centaur CentaurHauls
[    0.000000] x86/fpu: Supporting XSAVE feature 0x001: 'x87 floating point registers'
[    0.000000] x86/fpu: Supporting XSAVE feature 0x002: 'SSE registers'
[    0.000000] x86/fpu: Supporting XSAVE feature 0x004: 'AVX registers'
[    0.000000] x86/fpu: xstate_offset[2]:  576, xstate_sizes[2]:  256
[    0.000000] x86/fpu: Enabled xstate features 0x7, context size is 832 bytes, using 'standard' format.
[    0.000000] e820: BIOS-provided physical RAM map:
[    0.000000] BIOS-e820: [mem 0x0000000000000000-0x000000000009fbff] usable
[    0.000000] BIOS-e820: [mem 0x000000000009fc00-0x000000000009ffff] reserved
[    0.000000] BIOS-e820: [mem 0x00000000000f0000-0x00000000000fffff] reserved
[    0.000000] BIOS-e820: [mem 0x0000000000100000-0x000000003ffeffff] usable
[    0.000000] BIOS-e820: [mem 0x000000003fff0000-0x000000003fffffff] ACPI data
[    0.000000] BIOS-e820: [mem 0x00000000fec00000-0x00000000fec00fff] reserved
[    0.000000] BIOS-e820: [mem 0x00000000fee00000-0x00000000fee00fff] reserved
[    0.000000] BIOS-e820: [mem 0x00000000fffc0000-0x00000000ffffffff] reserved
[    0.000000] NX (Execute Disable) protection: active
[    0.000000] SMBIOS 2.5 present.
[    0.000000] DMI: innotek GmbH VirtualBox/VirtualBox, BIOS VirtualBox 12/01/2006
[    0.000000] Hypervisor detected: KVM
[    0.000000] e820: last_pfn = 0x3fff0 max_arch_pfn = 0x400000000
[    0.000000] MTRR: Disabled
[    0.000000] x86/PAT: MTRRs disabled, skipping PAT initialization too.
[    0.000000] CPU MTRRs all blank - virtualized system.
[    0.000000] x86/PAT: Configuration [0-7]: WB  WT  UC- UC  WB  WT  UC- UC  
[    0.000000] found SMP MP-table at [mem 0x0009fff0-0x0009ffff]
[    0.000000] Scanning 1 areas for low memory corruption
[    0.000000] RAMDISK: [mem 0x35817000-0x36c02fff]
[    0.000000] ACPI: Early table checksum verification disabled
[    0.000000] ACPI: RSDP 0x00000000000E0000 000024 (v02 VBOX  )
[    0.000000] ACPI: XSDT 0x000000003FFF0030 00003C (v01 VBOX   VBOXXSDT 00000001 ASL  00000061)
[    0.000000] ACPI: FACP 0x000000003FFF00F0 0000F4 (v04 VBOX   VBOXFACP 00000001 ASL  00000061)
[    0.000000] ACPI: DSDT 0x000000003FFF0470 002325 (v02 VBOX   VBOXBIOS 00000002 INTL 20120111)
[    0.000000] ACPI: FACS 0x000000003FFF0200 000040
[    0.000000] ACPI: FACS 0x000000003FFF0200 000040
[    0.000000] ACPI: APIC 0x000000003FFF0240 00005C (v02 VBOX   VBOXAPIC 00000001 ASL  00000061)
[    0.000000] ACPI: SSDT 0x000000003FFF02A0 0001CC (v01 VBOX   VBOXCPUT 00000002 INTL 20120111)
[    0.000000] ACPI: Reserving FACP table memory at [mem 0x3fff00f0-0x3fff01e3]
[    0.000000] ACPI: Reserving DSDT table memory at [mem 0x3fff0470-0x3fff2794]
[    0.000000] ACPI: Reserving FACS table memory at [mem 0x3fff0200-0x3fff023f]
[    0.000000] ACPI: Reserving FACS table memory at [mem 0x3fff0200-0x3fff023f]
[    0.000000] ACPI: Reserving APIC table memory at [mem 0x3fff0240-0x3fff029b]
[    0.000000] ACPI: Reserving SSDT table memory at [mem 0x3fff02a0-0x3fff046b]
[    0.000000] No NUMA configuration found
[    0.000000] Faking a node at [mem 0x0000000000000000-0x000000003ffeffff]
[    0.000000] NODE_DATA(0) allocated [mem 0x3ffc5000-0x3ffeffff]
[    0.000000] kvm-clock: cpu 0, msr 0:3ff44001, primary cpu clock
[    0.000000] kvm-clock: Using msrs 4b564d01 and 4b564d00
[    0.000000] kvm-clock: using sched offset of 4773877500 cycles
[    0.000000] clocksource: kvm-clock: mask: 0xffffffffffffffff max_cycles: 0x1cd42e4dffb, max_idle_ns: 881590591483 ns
[    0.000000] Zone ranges:
[    0.000000]   DMA      [mem 0x0000000000001000-0x0000000000ffffff]
[    0.000000]   DMA32    [mem 0x0000000001000000-0x000000003ffeffff]
[    0.000000]   Normal   empty
[    0.000000]   Device   empty
[    0.000000] Movable zone start for each node
[    0.000000] Early memory node ranges
[    0.000000]   node   0: [mem 0x0000000000001000-0x000000000009efff]
[    0.000000]   node   0: [mem 0x0000000000100000-0x000000003ffeffff]
[    0.000000] Reserved but unavailable: 104 pages
[    0.000000] Initmem setup node 0 [mem 0x0000000000001000-0x000000003ffeffff]
[    0.000000] ACPI: PM-Timer IO Port: 0x4008
[    0.000000] IOAPIC[0]: apic_id 2, version 32, address 0xfec00000, GSI 0-23
[    0.000000] ACPI: INT_SRC_OVR (bus 0 bus_irq 0 global_irq 2 dfl dfl)
[    0.000000] ACPI: INT_SRC_OVR (bus 0 bus_irq 9 global_irq 9 low level)
[    0.000000] Using ACPI (MADT) for SMP configuration information
[    0.000000] smpboot: Allowing 2 CPUs, 0 hotplug CPUs
[    0.000000] PM: Registered nosave memory: [mem 0x00000000-0x00000fff]
[    0.000000] PM: Registered nosave memory: [mem 0x0009f000-0x0009ffff]
[    0.000000] PM: Registered nosave memory: [mem 0x000a0000-0x000effff]
[    0.000000] PM: Registered nosave memory: [mem 0x000f0000-0x000fffff]
[    0.000000] e820: [mem 0x40000000-0xfebfffff] available for PCI devices
[    0.000000] Booting paravirtualized kernel on KVM
[    0.000000] clocksource: refined-jiffies: mask: 0xffffffff max_cycles: 0xffffffff, max_idle_ns: 7645519600211568 ns
[    0.000000] random: get_random_bytes called from start_kernel+0x99/0x500 with crng_init=0
[    0.000000] setup_percpu: NR_CPUS:8192 nr_cpumask_bits:2 nr_cpu_ids:2 nr_node_ids:1
[    0.000000] percpu: Embedded 50 pages/cpu s167936 r8192 d28672 u1048576
[    0.000000] PV qspinlock hash table entries: 256 (order: 0, 4096 bytes)
[    0.000000] Built 1 zonelists, mobility grouping on.  Total pages: 257913
[    0.000000] Policy zone: DMA32
[    0.000000] Kernel command line: BOOT_IMAGE=/boot/vmlinuz-4.15.0-192-generic root=LABEL=cloudimg-rootfs ro console=tty1 console=ttyS0
[    0.000000] Memory: 981776K/1048120K available (12300K kernel code, 2484K rwdata, 4324K rodata, 2468K init, 2724K bss, 66344K reserved, 0K cma-reserved)
[    0.000000] SLUB: HWalign=64, Order=0-3, MinObjects=0, CPUs=2, Nodes=1
[    0.000000] Kernel/User page tables isolation: enabled
[    0.000000] ftrace: allocating 39482 entries in 155 pages
[    0.004000] Hierarchical RCU implementation.
[    0.004000] 	RCU restricting CPUs from NR_CPUS=8192 to nr_cpu_ids=2.
[    0.004000] 	Tasks RCU enabled.
[    0.004000] RCU: Adjusting geometry for rcu_fanout_leaf=16, nr_cpu_ids=2
[    0.004000] NR_IRQS: 524544, nr_irqs: 440, preallocated irqs: 16
[    0.004000] Console: colour VGA+ 80x25
[    0.004000] console [tty1] enabled
[    0.004000] console [ttyS0] enabled
[    0.004000] ACPI: Core revision 20170831
[    0.004000] ACPI: 2 ACPI AML tables successfully acquired and loaded
[    0.004000] APIC: Switch to symmetric I/O mode setup
[    0.004000] x2apic enabled
[    0.004000] Switched APIC routing to physical x2apic.
[    0.004984] ..TIMER: vector=0x30 apic1=0 pin1=2 apic2=-1 pin2=-1
[    0.008006] tsc: Detected 1996.799 MHz processor
[    0.012014] Calibrating delay loop (skipped) preset value.. 3993.59 BogoMIPS (lpj=7987196)
[    0.014161] pid_max: default: 32768 minimum: 301
[    0.016042] Security Framework initialized
[    0.017254] Yama: becoming mindful.
[    0.018276] AppArmor: AppArmor initialized
[    0.020046] Dentry cache hash table entries: 131072 (order: 8, 1048576 bytes)
[    0.022493] Inode-cache hash table entries: 65536 (order: 7, 524288 bytes)
[    0.024115] Mount-cache hash table entries: 2048 (order: 2, 16384 bytes)
[    0.028017] Mountpoint-cache hash table entries: 2048 (order: 2, 16384 bytes)
[    0.032338] Last level iTLB entries: 4KB 0, 2MB 0, 4MB 0
[    0.034396] Last level dTLB entries: 4KB 0, 2MB 0, 4MB 0, 1GB 0
[    0.036010] Spectre V1 : Mitigation: usercopy/swapgs barriers and __user pointer sanitization
[    0.037731] Spectre V2 : Mitigation: Retpolines
[    0.040002] Spectre V2 : Spectre v2 / SpectreRSB mitigation: Filling RSB on context switch
[    0.042435] Speculative Store Bypass: Vulnerable
[    0.044112] MDS: Mitigation: Clear CPU buffers
[    0.045629] MMIO Stale Data: Mitigation: Clear CPU buffers
[    0.046736] SRBDS: Unknown: Dependent on hypervisor status
[    0.048164] Freeing SMP alternatives memory: 36K
[    0.159632] smpboot: CPU0: Intel(R) Core(TM) i5-1038NG7 CPU @ 2.00GHz (family: 0x6, model: 0x7e, stepping: 0x5)
[    0.160000] Performance Events: unsupported p6 CPU model 126 no PMU driver, software events only.
[    0.160054] Hierarchical SRCU implementation.
[    0.162204] NMI watchdog: Perf event create on CPU 0 failed with -2
[    0.164005] NMI watchdog: Perf NMI watchdog permanently disabled
[    0.165519] smp: Bringing up secondary CPUs ...
[    0.168108] x86: Booting SMP configuration:
[    0.169441] .... node  #0, CPUs:      #1
[    0.004000] kvm-clock: cpu 1, msr 0:3ff44041, secondary cpu clock
[    0.175321] smp: Brought up 1 node, 2 CPUs
[    0.176010] smpboot: Max logical packages: 1
[    0.176998] smpboot: Total of 2 processors activated (7987.19 BogoMIPS)
[    0.178543] devtmpfs: initialized
[    0.180051] x86/mm: Memory block size: 128MB
[    0.181077] evm: security.selinux
[    0.181796] evm: security.SMACK64
[    0.182475] evm: security.SMACK64EXEC
[    0.184007] evm: security.SMACK64TRANSMUTE
[    0.185061] evm: security.SMACK64MMAP
[    0.185876] evm: security.apparmor
[    0.186841] evm: security.ima
[    0.187597] evm: security.capability
[    0.188080] clocksource: jiffies: mask: 0xffffffff max_cycles: 0xffffffff, max_idle_ns: 7645041785100000 ns
[    0.190039] futex hash table entries: 512 (order: 3, 32768 bytes)
[    0.192076] pinctrl core: initialized pinctrl subsystem
[    0.196382] RTC time: 22:22:30, date: 09/23/22
[    0.197569] NET: Registered protocol family 16
[    0.198625] audit: initializing netlink subsys (disabled)
[    0.200043] audit: type=2000 audit(1663971756.551:1): state=initialized audit_enabled=0 res=1
[    0.201887] cpuidle: using governor ladder
[    0.201887] cpuidle: using governor menu
[    0.204078] ACPI: bus type PCI registered
[    0.205945] acpiphp: ACPI Hot Plug PCI Controller Driver version: 0.5
[    0.208425] PCI: Using configuration type 1 for base access
[    0.212326] HugeTLB registered 2.00 MiB page size, pre-allocated 0 pages
[    0.213659] ACPI: Added _OSI(Module Device)
[    0.213659] ACPI: Added _OSI(Processor Device)
[    0.216010] ACPI: Added _OSI(3.0 _SCP Extensions)
[    0.218118] ACPI: Added _OSI(Processor Aggregator Device)
[    0.220011] ACPI: Added _OSI(Linux-Dell-Video)
[    0.221944] ACPI: Added _OSI(Linux-Lenovo-NV-HDMI-Audio)
[    0.224010] ACPI: Added _OSI(Linux-HPI-Hybrid-Graphics)
[    0.225664] ACPI: Executed 1 blocks of module-level executable AML code
[    0.234011] ACPI: Interpreter enabled
[    0.236027] ACPI: (supports S0 S5)
[    0.237959] ACPI: Using IOAPIC for interrupt routing
[    0.240242] PCI: Using host bridge windows from ACPI; if necessary, use "pci=nocrs" and report a bug
[    0.242848] ACPI: Enabled 2 GPEs in block 00 to 07
[    0.252020] ACPI: PCI Root Bridge [PCI0] (domain 0000 [bus 00-ff])
[    0.253503] acpi PNP0A03:00: _OSC: OS supports [ASPM ClockPM Segments MSI]
[    0.255309] acpi PNP0A03:00: _OSC: not requesting OS control; OS requires [ExtendedConfig ASPM ClockPM MSI]
[    0.256028] acpi PNP0A03:00: fail to add MMCONFIG information, can't access extended PCI configuration space under this bridge.
[    0.264019] PCI host bridge to bus 0000:00
[    0.268009] pci_bus 0000:00: root bus resource [io  0x0000-0x0cf7 window]
[    0.272012] pci_bus 0000:00: root bus resource [io  0x0d00-0xffff window]
[    0.273412] pci_bus 0000:00: root bus resource [mem 0x000a0000-0x000bffff window]
[    0.276007] pci_bus 0000:00: root bus resource [mem 0x40000000-0xfdffffff window]
[    0.280012] pci_bus 0000:00: root bus resource [bus 00-ff]
[    0.286088] pci 0000:00:01.1: legacy IDE quirk: reg 0x10: [io  0x01f0-0x01f7]
[    0.287737] pci 0000:00:01.1: legacy IDE quirk: reg 0x14: [io  0x03f6]
[    0.288008] pci 0000:00:01.1: legacy IDE quirk: reg 0x18: [io  0x0170-0x0177]
[    0.289683] pci 0000:00:01.1: legacy IDE quirk: reg 0x1c: [io  0x0376]
[    0.313275] pci 0000:00:07.0: quirk: [io  0x4000-0x403f] claimed by PIIX4 ACPI
[    0.316000] pci 0000:00:07.0: quirk: [io  0x4100-0x410f] claimed by PIIX4 SMB
[    0.332130] ACPI: PCI Interrupt Link [LNKA] (IRQs 5 9 10 *11)
[    0.335124] ACPI: PCI Interrupt Link [LNKB] (IRQs 5 9 *10 11)
[    0.336171] ACPI: PCI Interrupt Link [LNKC] (IRQs 5 *9 10 11)
[    0.340185] ACPI: PCI Interrupt Link [LNKD] (IRQs 5 9 10 *11)
[    0.344369] SCSI subsystem initialized
[    0.345732] pci 0000:00:02.0: vgaarb: setting as boot VGA device
[    0.348000] pci 0000:00:02.0: vgaarb: VGA device added: decodes=io+mem,owns=io+mem,locks=none
[    0.348029] pci 0000:00:02.0: vgaarb: bridge control possible
[    0.352013] vgaarb: loaded
[    0.353655] ACPI: bus type USB registered
[    0.356022] usbcore: registered new interface driver usbfs
[    0.357470] usbcore: registered new interface driver hub
[    0.360028] usbcore: registered new device driver usb
[    0.361670] EDAC MC: Ver: 3.0.0
[    0.361670] PCI: Using ACPI for IRQ routing
[    0.364483] NetLabel: Initializing
[    0.365639] NetLabel:  domain hash size = 128
[    0.368009] NetLabel:  protocols = UNLABELED CIPSOv4 CALIPSO
[    0.372050] NetLabel:  unlabeled traffic allowed by default
[    0.380107] clocksource: Switched to clocksource kvm-clock
[    0.390644] VFS: Disk quotas dquot_6.6.0
[    0.392134] VFS: Dquot-cache hash table entries: 512 (order 0, 4096 bytes)
[    0.395067] AppArmor: AppArmor Filesystem Enabled
[    0.396347] pnp: PnP ACPI init
[    0.399367] pnp: PnP ACPI: found 3 devices
[    0.413852] clocksource: acpi_pm: mask: 0xffffff max_cycles: 0xffffff, max_idle_ns: 2085701024 ns
[    0.417957] NET: Registered protocol family 2
[    0.419226] IP idents hash table entries: 16384 (order: 5, 131072 bytes)
[    0.421741] TCP established hash table entries: 8192 (order: 4, 65536 bytes)
[    0.423806] TCP bind hash table entries: 8192 (order: 5, 131072 bytes)
[    0.430726] TCP: Hash tables configured (established 8192 bind 8192)
[    0.432607] UDP hash table entries: 512 (order: 2, 16384 bytes)
[    0.433866] UDP-Lite hash table entries: 512 (order: 2, 16384 bytes)
[    0.435120] NET: Registered protocol family 1
[    0.436016] pci 0000:00:00.0: Limiting direct PCI/PCI transfers
[    0.437327] pci 0000:00:01.0: Activating ISA DMA hang workarounds
[    0.438640] pci 0000:00:02.0: Video device with shadowed ROM at [mem 0x000c0000-0x000dffff]
[    0.440428] Unpacking initramfs...
[    0.971810] Freeing initrd memory: 20400K
[    0.986400] clocksource: tsc: mask: 0xffffffffffffffff max_cycles: 0x3990bc5adef, max_idle_ns: 881590438240 ns
[    0.989822] platform rtc_cmos: registered platform RTC device (no PNP device found)
[    0.991558] Scanning for low memory corruption every 60 seconds
[    0.993759] Initialise system trusted keyrings
[    0.994752] Key type blacklist registered
[    0.995648] workingset: timestamp_bits=36 max_order=18 bucket_order=0
[    0.997899] zbud: loaded
[    0.999128] squashfs: version 4.0 (2009/01/31) Phillip Lougher
[    1.000910] fuse init (API version 7.26)
[    1.003466] Key type asymmetric registered
[    1.012966] Asymmetric key parser 'x509' registered
[    1.014989] Block layer SCSI generic (bsg) driver version 0.4 loaded (major 246)
[    1.016649] io scheduler noop registered
[    1.017454] io scheduler deadline registered
[    1.018372] io scheduler cfq registered (default)
[    1.020101] ACPI: AC Adapter [AC] (on-line)
[    1.021328] input: Power Button as /devices/LNXSYSTM:00/LNXPWRBN:00/input/input0
[    1.022956] ACPI: Power Button [PWRF]
[    1.023985] input: Sleep Button as /devices/LNXSYSTM:00/LNXSLPBN:00/input/input1
[    1.026240] ACPI: Sleep Button [SLPF]
[    1.028960] ACPI: Battery Slot [BAT0] (battery present)
[    1.030164] Serial: 8250/16550 driver, 32 ports, IRQ sharing enabled
[    1.053015] 00:02: ttyS0 at I/O 0x3f8 (irq = 4, base_baud = 115200) is a 16550A
[    1.056163] Linux agpgart interface v0.103
[    1.058416] loop: module loaded
[    1.060150] scsi host0: ata_piix
[    1.061504] scsi host1: ata_piix
[    1.062208] ata1: PATA max UDMA/33 cmd 0x1f0 ctl 0x3f6 bmdma 0xd000 irq 14
[    1.063564] ata2: PATA max UDMA/33 cmd 0x170 ctl 0x376 bmdma 0xd008 irq 15
[    1.065974] tun: Universal TUN/TAP device driver, 1.6
[    1.067628] PPP generic driver version 2.4.2
[    1.069220] ehci_hcd: USB 2.0 'Enhanced' Host Controller (EHCI) Driver
[    1.070604] ehci-pci: EHCI PCI platform driver
[    1.071534] ehci-platform: EHCI generic platform driver
[    1.072741] ohci_hcd: USB 1.1 'Open' Host Controller (OHCI) Driver
[    1.074146] ohci-pci: OHCI PCI platform driver
[    1.075081] ohci-platform: OHCI generic platform driver
[    1.076352] uhci_hcd: USB Universal Host Controller Interface driver
[    1.077805] i8042: PNP: PS/2 Controller [PNP0303:PS2K,PNP0f03:PS2M] at 0x60,0x64 irq 1,12
[    1.079883] serio: i8042 KBD port at 0x60,0x64 irq 1
[    1.082210] serio: i8042 AUX port at 0x60,0x64 irq 12
[    1.084137] mousedev: PS/2 mouse device common for all mice
[    1.086384] input: AT Translated Set 2 keyboard as /devices/platform/i8042/serio0/input/input2
[    1.088316] rtc_cmos rtc_cmos: rtc core: registered rtc_cmos as rtc0
[    1.089640] rtc_cmos rtc_cmos: alarms up to one day, 114 bytes nvram
[    1.090882] i2c /dev entries driver
[    1.091974] device-mapper: uevent: version 1.0.3
[    1.096213] device-mapper: ioctl: 4.37.0-ioctl (2017-09-20) initialised: dm-devel@redhat.com
[    1.098217] ledtrig-cpu: registered to indicate activity on CPUs
[    1.099785] NET: Registered protocol family 10
[    1.104716] Segment Routing with IPv6
[    1.106074] NET: Registered protocol family 17
[    1.107583] Key type dns_resolver registered
[    1.108825] mce: Using 0 MCE banks
[    1.109751] RAS: Correctable Errors collector initialized.
[    1.111823] sched_clock: Marking stable (1108777199, 0)->(1371713741, -262936542)
[    1.113794] registered taskstats version 1
[    1.114695] Loading compiled-in X.509 certificates
[    1.117877] Loaded X.509 cert 'Build time autogenerated kernel key: af04d57e94487e4500da7630f19b69a59e91d95a'
[    1.120845] Loaded X.509 cert 'Canonical Ltd. Live Patch Signing: 14df34d1a87cf37625abec039ef2bf521249b969'
[    1.123287] Loaded X.509 cert 'Canonical Ltd. Kernel Module Signing: 88f752e560a1e0737e31163a466ad7b70a850c19'
[    1.128970] blacklist: Loading compiled-in revocation X.509 certificates
[    1.130504] Loaded X.509 cert 'Canonical Ltd. Secure Boot Signing: 61482aa2830d0ab2ad5af10b7250da9033ddcef0'
[    1.132942] zswap: loaded using pool lzo/zbud
[    1.137031] Key type big_key registered
[    1.137843] Key type trusted registered
[    1.140040] Key type encrypted registered
[    1.140882] AppArmor: AppArmor sha1 policy hashing enabled
[    1.142013] ima: No TPM chip found, activating TPM-bypass! (rc=-19)
[    1.143877] ima: Allocated hash algorithm: sha1
[    1.145472] evm: HMAC attrs: 0x1
[    1.146667]   Magic number: 6:904:401
[    1.147793] rtc_cmos rtc_cmos: setting system clock to 2022-09-23 22:22:31 UTC (1663971751)
[    1.149941] BIOS EDD facility v0.16 2004-Jun-25, 0 devices found
[    1.151366] EDD information not available.
[    1.255002] Freeing unused kernel image memory: 2468K
[    1.268160] Write protecting the kernel read-only data: 20480k
[    1.270103] Freeing unused kernel image memory: 2008K
[    1.271761] Freeing unused kernel image memory: 1820K
[    1.278549] x86/mm: Checked W+X mappings: passed, no W+X pages found.
[    1.282046] x86/mm: Checking user space page tables
[    1.290085] x86/mm: Checked W+X mappings: passed, no W+X pages found.
Loading, please wait...
starting version 237
[    1.370901] e1000: Intel(R) PRO/1000 Network Driver - version 7.3.21-k8-NAPI
[    1.373536] e1000: Copyright (c) 1999-2006 Intel Corporation.
[    1.380150] Fusion MPT base driver 3.04.20
[    1.381748] Copyright (c) 1999-2008 LSI Corporation
[    1.396222] Fusion MPT SPI Host driver 3.04.20
[    1.400280] vboxvideo: loading out-of-tree module taints kernel.
[    1.402744] vboxvideo: module verification failed: signature and/or required key missing - tainting kernel
[    1.406724] vboxvideo: loading version 6.1.36 r152435
[    1.420811] AVX2 version of gcm_enc/dec engaged.
[    1.422907] AES CTR mode by8 optimization enabled
[    1.654498] input: ImExPS/2 Generic Explorer Mouse as /devices/platform/i8042/serio1/input/input4
[    2.042309] e1000 0000:00:03.0 eth0: (PCI:33MHz:32-bit) 02:a0:66:c7:c8:08
[    2.044651] e1000 0000:00:03.0 eth0: Intel(R) PRO/1000 Network Connection
[    2.047776] mptbase: ioc0: Initiating bringup
[    3.249423] ioc0: LSI53C1030 A0: Capabilities={Initiator}
[    5.043520] scsi host2: ioc0: LSI53C1030 A0, FwRev=00000000h, Ports=1, MaxQ=256, IRQ=20
[    7.041393] scsi 2:0:0:0: Direct-Access     VBOX     HARDDISK         1.0  PQ: 0 ANSI: 5
[    7.046426] [drm] VRAM 01000000
[    7.047422] [TTM] Zone  kernel: Available graphics memory: 504254 kiB
[    7.049292] [TTM] Initializing pool allocator
[    7.050336] [TTM] Initializing DMA pool allocator
[    7.053506] fbcon: vboxdrmfb (fb0) is primary device
[    7.055121] Console: switching to colour frame buffer device 100x37
[    7.057810] vboxvideo 0000:00:02.0: fb0: vboxdrmfb frame buffer device
[    7.072125] scsi target2:0:0: Beginning Domain Validation
[    7.072133] [drm] Initialized vboxvideo 1.0.0 20130823 for 0000:00:02.0 on minor 0
[    7.075814] scsi target2:0:0: Domain Validation skipping write tests
[    7.076943] scsi target2:0:0: Ending Domain Validation
[    7.078248] scsi target2:0:0: asynchronous
[    7.079484] scsi 2:0:1:0: Direct-Access     VBOX     HARDDISK         1.0  PQ: 0 ANSI: 5
[    7.116143] scsi target2:0:1: Beginning Domain Validation
[    7.119760] random: fast init done
[    7.121633] scsi target2:0:1: Domain Validation skipping write tests
[    7.122859] scsi target2:0:1: Ending Domain Validation
[    7.123982] scsi target2:0:1: asynchronous
[    7.128937] random: systemd-udevd: uninitialized urandom read (16 bytes read)
[    7.130312] random: systemd-udevd: uninitialized urandom read (16 bytes read)
[    7.137736] sd 2:0:0:0: Attached scsi generic sg0 type 0
[    7.139071] sd 2:0:0:0: [sda] 83886080 512-byte logical blocks: (42.9 GB/40.0 GiB)
[    7.140539] sd 2:0:1:0: Attached scsi generic sg1 type 0
[    7.141816] sd 2:0:0:0: [sda] Write Protect is off
[    7.143210] sd 2:0:1:0: [sdb] 20480 512-byte logical blocks: (10.5 MB/10.0 MiB)
[    7.145774] random: systemd-udevd: uninitialized urandom read (16 bytes read)
[    7.147485] sd 2:0:0:0: [sda] Incomplete mode parameter data
[    7.150659] sd 2:0:0:0: [sda] Assuming drive cache: write through
[    7.152391] sd 2:0:1:0: [sdb] Write Protect is off
[    7.153661] sd 2:0:1:0: [sdb] Incomplete mode parameter data
[    7.154939] sd 2:0:1:0: [sdb] Assuming drive cache: write through
[    7.158890]  sda: sda1
[    7.162100] sd 2:0:0:0: [sda] Attached SCSI disk
[    7.163432] sd 2:0:1:0: [sdb] Attached SCSI disk
[    7.532768] e1000 0000:00:08.0 eth1: (PCI:33MHz:32-bit) 08:00:27:9b:55:80
[    7.535426] e1000 0000:00:08.0 eth1: Intel(R) PRO/1000 Network Connection
[    7.538250] e1000 0000:00:08.0 enp0s8: renamed from eth1
[    7.548726] e1000 0000:00:03.0 enp0s3: renamed from eth0
Begin: Loading essential drivers ... [    7.776153] raid6: sse2x1   gen() 11609 MB/s
[    7.826233] raid6: sse2x1   xor()  6702 MB/s
[    7.876102] raid6: sse2x2   gen() 12473 MB/s
[    7.924277] raid6: sse2x2   xor()  8658 MB/s
[    7.972143] raid6: sse2x4   gen() 15212 MB/s
[    8.020125] raid6: sse2x4   xor()  9718 MB/s
[    8.068078] raid6: avx2x1   gen() 23115 MB/s
[    8.116111] raid6: avx2x1   xor() 15099 MB/s
[    8.164271] raid6: avx2x2   gen() 30768 MB/s
[    8.212112] raid6: avx2x2   xor() 20943 MB/s
[    8.264163] raid6: avx2x4   gen() 23685 MB/s
[    8.312231] raid6: avx2x4   xor() 16046 MB/s
[    8.313906] raid6: using algorithm avx2x2 gen() 30768 MB/s
[    8.315224] raid6: .... xor() 20943 MB/s, rmw enabled
[    8.316569] raid6: using avx2x2 recovery algorithm
[    8.319361] xor: automatically using best checksumming function   avx       
[    8.323182] async_tx: api initialized (async)
done.
Begin: Running /scripts/init-premount ... done.
Begin: Mounting root file system ... Begin: Running /scripts/local-top ... done.
Begin: Running /scripts/local-premount ... [    8.374682] Btrfs loaded, crc32c=crc32c-intel
Scanning for Btrfs filesystems
done.
Begin: Will now check root file system ... fsck from util-linux 2.31.1
[/sbin/fsck.ext4 (1) -- /dev/sda1] fsck.ext4 -a -C0 /dev/sda1 
cloudimg-rootfs: clean, 74148/5120000 files, 714188/10485499 blocks
done.
[    8.424659] EXT4-fs (sda1): mounted filesystem with ordered data mode. Opts: (null)
done.
Begin: Running /scripts/local-bottom ... done.
Begin: Running /scripts/init-bottom ... done.
[    8.671827] ip_tables: (C) 2000-2006 Netfilter Core Team
[    8.688993] systemd[1]: systemd 237 running in system mode. (+PAM +AUDIT +SELINUX +IMA +APPARMOR +SMACK +SYSVINIT +UTMP +LIBCRYPTSETUP +GCRYPT +GNUTLS +ACL +XZ +LZ4 +SECCOMP +BLKID +ELFUTILS +KMOD -IDN2 +IDN -PCRE2 default-hierarchy=hybrid)
[    8.693998] systemd[1]: Detected virtualization oracle.
[    8.695118] systemd[1]: Detected architecture x86-64.

Welcome to [1mUbuntu 18.04.6 LTS[0m!

[    8.713004] systemd[1]: Set hostname to <ubuntu-bionic>.
[    9.357228] systemd[1]: Set up automount Arbitrary Executable File Formats File System Automount Point.
[[0;32m  OK  [0m] Set up automount Arbitrary Executab…rmats File System Automount Point.
[    9.372803] systemd[1]: Started Forward Password Requests to Wall Directory Watch.
[[0;32m  OK  [0m] Started Forward Password Requests to Wall Directory Watch.
[    9.390434] systemd[1]: Created slice User and Session Slice.
[[0;32m  OK  [0m] Created slice User and Session Slice.
[    9.405177] systemd[1]: Created slice System Slice.
[[0;32m  OK  [0m] Created slice System Slice.
[    9.417139] systemd[1]: Created slice system-serial\x2dgetty.slice.
[[0;32m  OK  [0m] Created slice system-serial\x2dgetty.slice.
[    9.420943] systemd[1]: Reached target Slices.
[[0;32m  OK  [0m] Reached target Slices.
[[0;32m  OK  [0m] Listening on Journal Socket.
         Starting Create list of required st…ce nodes for the current kernel...
         Starting Load Kernel Modules...
         Starting Set the console keyboard layout...
[[0;32m  OK  [0m] Listening on udev Control Socket.
[    9.566416] Loading iSCSI transport class v2.0-870.
         Mounting Huge Pages File System...
[[0;32m  OK  [0m] Listening on Network Service Netlink Socket.
[[0;32m  OK  [0m] Listening on Journal Audit Socket.
[    9.579874] iscsi: registered transport (tcp)
         Mounting POSIX Message Queue File System...
[[0;32m  OK  [0m] Listening on /dev/initctl Compatibility Named Pipe.
[[0;32m  OK  [0m] Listening on udev Kernel Socket.
[    9.603665] iscsi: registered transport (iser)
         Starting udev Coldplug all Devices...
[[0;32m  OK  [0m] Listening on fsck to fsckd communication Socket.
[[0;32m  OK  [0m] Reached target User and Group Name Lookups.
[[0;32m  OK  [0m] Listening on LVM2 poll daemon socket.
[[0;32m  OK  [0m] Reached target System Time Synchronized.
         Starting Uncomplicated firewall...
[[0;32m  OK  [0m] Reached target Swap.
         Mounting Kernel Debug File System...
[[0;32m  OK  [0m] Listening on LVM2 metadata daemon socket.
[[0;32m  OK  [0m] Listening on Device-mapper event daemon FIFOs.
         Starting Monitoring of LVM2 mirrors…ng dmeventd or progress polling...
         Starting Remount Root and Kernel File Systems...
[[0;32m  OK  [0m] Listening on Syslog Socket.
[[0;32m  OK  [0m] Listening on Journal Socket (/dev/log).
         Starting Journal Service...
[[0;32m  OK  [0m] Started Create list of required sta…vice nodes for the current kernel.
[[0;32m  OK  [0m] Started Load Kernel Modules.
[[0;32m  OK  [0m] Started Set the console keyboard layout.
[[0;32m  OK  [0m] Mounted Huge Pages File System.
[[0;32m  OK  [0m] Mounted POSIX Message Queue File System.
[[0;32m  OK  [0m] Started Uncomplicated firewall.
[    9.734465] EXT4-fs (sda1): re-mounted. Opts: (null)
[[0;32m  OK  [0m] Mounted Kernel Debug File System.
[[0;32m  OK  [0m] Started Remount Root and Kernel File Systems.
[[0;32m  OK  [0m] Started Journal Service.
[[0;32m  OK  [0m] Started udev Coldplug all Devices.
[[0;32m  OK  [0m] Started LVM2 metadata daemon.
         Starting Flush Journal to Persistent Storage...
         Starting Load/Save Random Seed...
         Starting Apply Kernel Variables...
         Mounting Kernel Configuration File System...
         Mounting FUSE Control File System...
         Starting Create Static Device Nodes in /dev...
[[0;32m  OK  [0m] Started Load/Save Random Seed.
[[0;32m  OK  [0m] Mounted Kernel Configuration File System.
[[0;32m  OK  [0m] Mounted FUSE Control File System.
[    9.821913] systemd-journald[441]: Received request to flush runtime journal from PID 1
[[0;32m  OK  [0m] Started Monitoring of LVM2 mirrors,…sing dmeventd or progress polling.
[[0;32m  OK  [0m] Started Create Static Device Nodes in /dev.
         Starting udev Kernel Device Manager...
[[0;32m  OK  [0m] Reached target Local File Systems (Pre).
[[0;32m  OK  [0m] Reached target Local File Systems.
         Starting Tell Plymouth To Write Out Runtime Data...
         Starting Set console font and keymap...
         Starting ebtables ruleset management...
         Starting AppArmor initialization...
[[0;32m  OK  [0m] Started Apply Kernel Variables.
[[0;32m  OK  [0m] Started udev Kernel Device Manager.
[[0;32m  OK  [0m] Started Dispatch Password Requests to Console Directory Watch.
[[0;32m  OK  [0m] Reached target Local Encrypted Volumes.
[[0;32m  OK  [0m] Started Tell Plymouth To Write Out Runtime Data.
[[0;32m  OK  [0m] Started Set console font and keymap.
[[0;32m  OK  [0m] Started Flush Journal to Persistent Storage.
         Starting Create Volatile Files and Directories...
[[0;32m  OK  [0m] Started Create Volatile Files and Directories.
[[0;32m  OK  [0m] Started ebtables ruleset management.
         Starting Update UTMP about System Boot/Shutdown...
[[0;32m  OK  [0m] Started Update UTMP about System Boot/Shutdown.
[[0;32m  OK  [0m] Started AppArmor initialization.
         Starting Load AppArmor profiles managed internally by snapd...
         Starting Initial cloud-init job (pre-networking)...
[[0;32m  OK  [0m] Started Load AppArmor profiles managed internally by snapd.
[[0;32m  OK  [0m] Found device /dev/ttyS0.
[[0;32m  OK  [0m] Listening on Load/Save RF Kill Switch Status /dev/rfkill Watch.
[   13.010920] cloud-init[545]: Cloud-init v. 22.2-0ubuntu1~18.04.3 running 'init-local' at Fri, 23 Sep 2022 22:22:43 +0000. Up 12.81 seconds.
[[0;32m  OK  [0m] Started Initial cloud-init job (pre-networking).
[[0;32m  OK  [0m] Reached target Network (Pre).
         Starting Network Service...
[[0;32m  OK  [0m] Started Network Service.
         Starting Network Name Resolution...
         Starting Wait for Network to be Configured...
[[0;32m  OK  [0m] Started Network Name Resolution.
[[0;32m  OK  [0m] Reached target Host and Network Name Lookups.
[[0;32m  OK  [0m] Reached target Network.
[[0;32m  OK  [0m] Started Wait for Network to be Configured.
         Starting Initial cloud-init job (metadata service crawler)...
[   15.383816] cloud-init[727]: Cloud-init v. 22.2-0ubuntu1~18.04.3 running 'init' at Fri, 23 Sep 2022 22:22:45 +0000. Up 15.15 seconds.
[   15.388258] cloud-init[727]: ci-info: +++++++++++++++++++++++++++++++++++++++++++++Net device info+++++++++++++++++++++++++++++++++++++++++++++
[   15.400287] cloud-init[727]: ci-info: +--------+------+------------------------------------------+---------------+--------+-------------------+
[   15.401800] cloud-init[727]: ci-info: | Device |  Up  |                 Address                  |      Mask     | Scope  |     Hw-Address    |
[   15.404134] cloud-init[727]: ci-info: +--------+------+------------------------------------------+---------------+--------+-------------------+
[   15.416348] cloud-init[727]: ci-info: | enp0s3 | True |                10.0.2.15                 | 255.255.255.0 | global | 02:a0:66:c7:c8:08 |
[   15.418134] cloud-init[727]: ci-info: | enp0s3 | True |        fe80::a0:66ff:fec7:c808/64        |       .       |  link  | 02:a0:66:c7:c8:08 |
[   15.419831] cloud-init[727]: ci-info: | enp0s8 | True |              192.168.1.210               | 255.255.255.0 | global | 08:00:27:9b:55:80 |
[   15.432767] cloud-init[727]: ci-info: | enp0s8 | True | 2804:d41:bc02:b800:a00:27ff:fe9b:5580/64 |       .       | global | 08:00:27:9b:55:80 |
[   15.444262] cloud-init[727]: ci-info: | enp0s8 | True |       fe80::a00:27ff:fe9b:5580/64        |       .       |  link  | 08:00:27:9b:55:80 |
[   15.446240] cloud-init[727]: ci-info: |   lo   | True |                127.0.0.1                 |   255.0.0.0   |  host  |         .         |
[   15.447461] cloud-init[727]: ci-info: |   lo   | True |                 ::1/128                  |       .       |  host  |         .         |
[   15.449631] cloud-init[727]: ci-info: +--------+------+------------------------------------------+---------------+--------+-------------------+
[   15.451656] cloud-init[727]: ci-info: ++++++++++++++++++++++++++++Route IPv4 info+++++++++++++++++++++++++++++
[   15.454573] cloud-init[727]: ci-info: +-------+-------------+----------+-----------------+-----------+-------+
[   15.457042] cloud-init[727]: ci-info: | Route | Destination | Gateway  |     Genmask     | Interface | Flags |
[   15.468532] cloud-init[727]: ci-info: +-------+-------------+----------+-----------------+-----------+-------+
[   15.470083] cloud-init[727]: ci-info: |   0   |   0.0.0.0   | 10.0.2.2 |     0.0.0.0     |   enp0s3  |   UG  |
[   15.471818] cloud-init[727]: ci-info: |   1   |   10.0.2.0  | 0.0.0.0  |  255.255.255.0  |   enp0s3  |   U   |
[   15.484594] cloud-init[727]: ci-info: |   2   |   10.0.2.2  | 0.0.0.0  | 255.255.255.255 |   enp0s3  |   UH  |
[   15.488541] cloud-init[727]: ci-info: |   3   | 192.168.1.0 | 0.0.0.0  |  255.255.255.0  |   enp0s8  |   U   |
[   15.500284] cloud-init[727]: ci-info: +-------+-------------+----------+-----------------+-----------+-------+
[   15.501901] cloud-init[727]: ci-info: +++++++++++++++++++++++++Route IPv6 info+++++++++++++++++++++++++
[   15.503107] cloud-init[727]: ci-info: +-------+-------------------------+---------+-----------+-------+
[   15.505310] cloud-init[727]: ci-info: | Route |       Destination       | Gateway | Interface | Flags |
[   15.506915] cloud-init[727]: ci-info: +-------+-------------------------+---------+-----------+-------+
[   15.508346] cloud-init[727]: ci-info: |   1   | 2804:d41:bc02:b800::/64 |    ::   |   enp0s8  |   U   |
[   15.509786] cloud-init[727]: ci-info: |   2   |        fe80::/64        |    ::   |   enp0s8  |   U   |
[   15.511213] cloud-init[727]: ci-info: |   3   |        fe80::/64        |    ::   |   enp0s3  |   U   |
[   15.524364] cloud-init[727]: ci-info: |   4   |           ::/0          | fe80::1 |   enp0s8  |   UG  |
[   15.526472] cloud-init[727]: ci-info: |   6   |          local          |    ::   |   enp0s3  |   U   |
[   15.540272] cloud-init[727]: ci-info: |   7   |          local          |    ::   |   enp0s8  |   U   |
[   15.552359] cloud-init[727]: ci-info: |   8   |         ff00::/8        |    ::   |   enp0s8  |   U   |
[   15.554041] cloud-init[727]: ci-info: |   9   |         ff00::/8        |    ::   |   enp0s3  |   U   |
[   15.564341] cloud-init[727]: ci-info: +-------+-------------------------+---------+-----------+-------+
[[0;32m  OK  [0m] Started Initial cloud-init job (metadata service crawler).
[[0;32m  OK  [0m] Reached target Network is Online.
[[0;32m  OK  [0m] Reached target Remote File Systems (Pre).
         Starting Availability of block devices...
         Mounting /vagrant...
[[0;32m  OK  [0m] Reached target System Initialization.
[[0;32m  OK  [0m] Started Ubuntu Advantage Timer for running repeated jobs.
[[0;32m  OK  [0m] Listening on ACPID Listen Socket.
[[0;32m  OK  [0m] Started Discard unused blocks once a week.
[[0;32m  OK  [0m] Started Daily apt download activities.
[[0;32m  OK  [0m] Started Daily apt upgrade and clean activities.
         Starting Socket activation for snappy daemon.
[[0;32m  OK  [0m] Listening on cloud-init hotplug hook socket.
[[0;32m  OK  [0m] Listening on Open-iSCSI iscsid Socket.
[[0;32m  OK  [0m] Started ACPI Events Check.
[[0;32m  OK  [0m] Reached target Paths.
[[0;32m  OK  [0m] Listening on D-Bus System Message Bus Socket.
         Starting LXD - unix socket.
[[0;32m  OK  [0m] Listening on UUID daemon activation socket.
[[0;32m  OK  [0m] Started Daily Cleanup of Temporary Directories.
[[0;32m  OK  [0m] Started Message of the Day.
[[0;32m  OK  [0m] Reached target Timers.
[[0;32m  OK  [0m] Reached target Cloud-config availability.
[[0;32m  OK  [0m] Started Availability of block devices.
[[0;1;31mFAILED[0m] Failed to mount /vagrant.
See 'systemctl status vagrant.mount' for details.
[[0;1;33mDEPEND[0m] Dependency failed for Remote File Systems.
[[0;32m  OK  [0m] Listening on Socket activation for snappy daemon.
[[0;32m  OK  [0m] Listening on LXD - unix socket.
[[0;32m  OK  [0m] Reached target Sockets.
[[0;32m  OK  [0m] Reached target Basic System.
         Starting Dispatcher daemon for systemd-networkd...
[[0;32m  OK  [0m] Started Regular background program processing daemon.
         Starting LXD - container startup/shutdown...
         Starting Login Service...
[[0;32m  OK  [0m] Started Deferred execution scheduler.
         Starting Accounts Service...
[[0;32m  OK  [0m] Started irqbalance daemon.
         Starting System Logging Service...
[[0;32m  OK  [0m] Started FUSE filesystem for LXC.
[[0;32m  OK  [0m] Started D-Bus System Message Bus.
         Starting OpenBSD Secure Shell server...
         Starting LSB: Record successful boot for GRUB...
         Starting vboxadd.service...
         Starting Snap Daemon...
         Starting Permit User Sessions...
         Starting LSB: automatic crash report generation...
[[0;32m  OK  [0m] Started System Logging Service.
[[0;32m  OK  [0m] Started LXD - container startup/shutdown.
[[0;32m  OK  [0m] Started Login Service.
[[0;32m  OK  [0m] Started OpenBSD Secure Shell server.
[[0;32m  OK  [0m] Started Permit User Sessions.
         Starting Terminate Plymouth Boot Screen...
         Starting Hold until boot process finishes up...
         Starting Authorization Manager...
[[0;32m  OK  [0m] Started Unattended Upgrades Shutdown.
[[0;32m  OK  [0m] Started Terminate Plymouth Boot Screen.
[[0;32m  OK  [0m] Started Hold until boot process finishes up.
         Starting Set console scheme...
[[0;32m  OK  [0m] Started Serial Getty on ttyS0.
[[0;32m  OK  [0m] Started LSB: Record successful boot for GRUB.
[[0;32m  OK  [0m] Started Dispatcher daemon for systemd-networkd.
[[0;32m  OK  [0m] Started Set console scheme.
[[0;32m  OK  [0m] Started Authorization Manager.
[[0;32m  OK  [0m] Started Accounts Service.
[[0;32m  OK  [0m] Created slice system-getty.slice.
[[0;32m  OK  [0m] Started Getty on tty1.
[[0;32m  OK  [0m] Reached target Login Prompts.
[[0;32m  OK  [0m] Started LSB: automatic crash report generation.
[[0;32m  OK  [0m] Started Snap Daemon.
         Starting Wait until snapd is fully seeded...
         Starting Time & Date Service...
[[0;32m  OK  [0m] Started Time & Date Service.
[[0;32m  OK  [0m] Started Wait until snapd is fully seeded.
         Starting Apply the settings specified in cloud-config...
[   18.944706] cloud-init[1142]: Cloud-init v. 22.2-0ubuntu1~18.04.3 running 'modules:config' at Fri, 23 Sep 2022 22:22:49 +0000. Up 18.84 seconds.
[[0;32m  OK  [0m] Started vboxadd.service.
         Starting vboxadd-service.service...
[[0;32m  OK  [0m] Started Apply the settings specified in cloud-config.
[[0;32m  OK  [0m] Started vboxadd-service.service.
[[0;32m  OK  [0m] Reached target Multi-User System.
         Starting Execute cloud user/final scripts...
[[0;32m  OK  [0m] Reached target Graphical Interface.
         Starting Update UTMP about System Runlevel Changes...
[[0;32m  OK  [0m] Started Update UTMP about System Runlevel Changes.
[   19.571740] cloud-init[1269]: Cloud-init v. 22.2-0ubuntu1~18.04.3 running 'modules:final' at Fri, 23 Sep 2022 22:22:49 +0000. Up 19.44 seconds.
[   19.584279] cloud-init[1269]: Cloud-init v. 22.2-0ubuntu1~18.04.3 finished at Fri, 23 Sep 2022 22:22:49 +0000. Datasource DataSourceNoCloud [seed=/dev/sdb][dsmode=net].  Up 19.56 seconds
[[0;32m  OK  [0m] Started Execute cloud user/final scripts.
[[0;32m  OK  [0m] Reached target Cloud-init target.

Ubuntu 18.04.6 LTS ubuntu-bionic ttyS0

ubuntu-bionic login: 